{"C:\\Users\\Ok\\Documents\\Engagebot\\src\\app\\layout.tsx": {"path":"C:\\Users\\Ok\\Documents\\Engagebot\\src\\app\\layout.tsx","statementMap":{"0":{"start":{"line":12,"column":24},"end":{"line":12,"column":35}},"1":{"start":{"line":7,"column":13},"end":{"line":7,"column":21}},"2":{"start":{"line":2,"column":22},"end":{"line":2,"column":null}},"3":{"start":{"line":3,"column":7},"end":{"line":3,"column":null}},"4":{"start":{"line":5,"column":14},"end":{"line":5,"column":null}},"5":{"start":{"line":7,"column":34},"end":{"line":10,"column":null}}},"fnMap":{"0":{"name":"RootLayout","decl":{"start":{"line":12,"column":24},"end":{"line":12,"column":35}},"loc":{"start":{"line":16,"column":2},"end":{"line":22,"column":1}}}},"branchMap":{},"s":{"0":0,"1":0,"2":0,"3":0,"4":0,"5":0},"f":{"0":0},"b":{}}
,"C:\\Users\\Ok\\Documents\\Engagebot\\src\\app\\page.tsx": {"path":"C:\\Users\\Ok\\Documents\\Engagebot\\src\\app\\page.tsx","statementMap":{"0":{"start":{"line":6,"column":24},"end":{"line":6,"column":null}},"1":{"start":{"line":3,"column":36},"end":{"line":3,"column":null}},"2":{"start":{"line":4,"column":17},"end":{"line":4,"column":null}},"3":{"start":{"line":7,"column":32},"end":{"line":7,"column":null}},"4":{"start":{"line":9,"column":2},"end":{"line":11,"column":null}},"5":{"start":{"line":10,"column":4},"end":{"line":10,"column":null}},"6":{"start":{"line":13,"column":2},"end":{"line":15,"column":null}},"7":{"start":{"line":14,"column":4},"end":{"line":14,"column":null}}},"fnMap":{"0":{"name":"Home","decl":{"start":{"line":6,"column":24},"end":{"line":6,"column":null}},"loc":{"start":{"line":6,"column":24},"end":{"line":93,"column":null}}},"1":{"name":"(anonymous_3)","decl":{"start":{"line":9,"column":12},"end":{"line":9,"column":null}},"loc":{"start":{"line":9,"column":12},"end":{"line":11,"column":5}}}},"branchMap":{"0":{"loc":{"start":{"line":13,"column":2},"end":{"line":15,"column":null}},"type":"if","locations":[{"start":{"line":13,"column":2},"end":{"line":15,"column":null}}]}},"s":{"0":0,"1":0,"2":0,"3":0,"4":0,"5":0,"6":0,"7":0},"f":{"0":0,"1":0},"b":{"0":[0]}}
,"C:\\Users\\Ok\\Documents\\Engagebot\\src\\app\\api\\ai\\generate-response\\route.ts": {"path":"C:\\Users\\Ok\\Documents\\Engagebot\\src\\app\\api\\ai\\generate-response\\route.ts","statementMap":{"0":{"start":{"line":4,"column":22},"end":{"line":4,"column":27}},"1":{"start":{"line":1,"column":42},"end":{"line":1,"column":null}},"2":{"start":{"line":2,"column":43},"end":{"line":2,"column":null}},"3":{"start":{"line":5,"column":2},"end":{"line":44,"column":null}},"4":{"start":{"line":6,"column":21},"end":{"line":6,"column":null}},"5":{"start":{"line":7,"column":31},"end":{"line":7,"column":null}},"6":{"start":{"line":9,"column":4},"end":{"line":11,"column":null}},"7":{"start":{"line":10,"column":6},"end":{"line":10,"column":null}},"8":{"start":{"line":13,"column":26},"end":{"line":13,"column":null}},"9":{"start":{"line":15,"column":4},"end":{"line":17,"column":null}},"10":{"start":{"line":16,"column":6},"end":{"line":16,"column":null}},"11":{"start":{"line":20,"column":34},"end":{"line":23,"column":null}},"12":{"start":{"line":25,"column":4},"end":{"line":27,"column":null}},"13":{"start":{"line":26,"column":6},"end":{"line":26,"column":null}},"14":{"start":{"line":29,"column":20},"end":{"line":29,"column":35}},"15":{"start":{"line":30,"column":24},"end":{"line":35,"column":null}},"16":{"start":{"line":38,"column":21},"end":{"line":38,"column":null}},"17":{"start":{"line":40,"column":4},"end":{"line":40,"column":null}},"18":{"start":{"line":42,"column":4},"end":{"line":42,"column":null}},"19":{"start":{"line":43,"column":4},"end":{"line":43,"column":null}},"20":{"start":{"line":48,"column":26},"end":{"line":48,"column":null}},"21":{"start":{"line":49,"column":25},"end":{"line":49,"column":null}},"22":{"start":{"line":50,"column":21},"end":{"line":50,"column":null}},"23":{"start":{"line":51,"column":25},"end":{"line":51,"column":null}},"24":{"start":{"line":53,"column":17},"end":{"line":65,"column":3}},"25":{"start":{"line":68,"column":24},"end":{"line":74,"column":null}},"26":{"start":{"line":77,"column":17},"end":{"line":77,"column":80}},"27":{"start":{"line":80,"column":2},"end":{"line":82,"column":null}},"28":{"start":{"line":81,"column":4},"end":{"line":81,"column":null}},"29":{"start":{"line":85,"column":2},"end":{"line":87,"column":null}},"30":{"start":{"line":86,"column":4},"end":{"line":86,"column":null}},"31":{"start":{"line":89,"column":2},"end":{"line":89,"column":null}}},"fnMap":{"0":{"name":"POST","decl":{"start":{"line":4,"column":22},"end":{"line":4,"column":27}},"loc":{"start":{"line":4,"column":47},"end":{"line":45,"column":null}}},"1":{"name":"generateAIResponse","decl":{"start":{"line":47,"column":15},"end":{"line":47,"column":34}},"loc":{"start":{"line":47,"column":64},"end":{"line":90,"column":null}}}},"branchMap":{"0":{"loc":{"start":{"line":9,"column":4},"end":{"line":11,"column":null}},"type":"if","locations":[{"start":{"line":9,"column":4},"end":{"line":11,"column":null}}]},"1":{"loc":{"start":{"line":15,"column":4},"end":{"line":17,"column":null}},"type":"if","locations":[{"start":{"line":15,"column":4},"end":{"line":17,"column":null}}]},"2":{"loc":{"start":{"line":25,"column":4},"end":{"line":27,"column":null}},"type":"if","locations":[{"start":{"line":25,"column":4},"end":{"line":27,"column":null}}]},"3":{"loc":{"start":{"line":30,"column":24},"end":{"line":35,"column":null}},"type":"binary-expr","locations":[{"start":{"line":30,"column":24},"end":{"line":30,"column":36}},{"start":{"line":30,"column":40},"end":{"line":35,"column":null}}]},"4":{"loc":{"start":{"line":48,"column":26},"end":{"line":48,"column":null}},"type":"binary-expr","locations":[{"start":{"line":48,"column":26},"end":{"line":48,"column":42}},{"start":{"line":48,"column":46},"end":{"line":48,"column":null}}]},"5":{"loc":{"start":{"line":49,"column":25},"end":{"line":49,"column":null}},"type":"binary-expr","locations":[{"start":{"line":49,"column":25},"end":{"line":49,"column":46}},{"start":{"line":49,"column":50},"end":{"line":49,"column":null}}]},"6":{"loc":{"start":{"line":50,"column":21},"end":{"line":50,"column":null}},"type":"binary-expr","locations":[{"start":{"line":50,"column":21},"end":{"line":50,"column":44}},{"start":{"line":50,"column":48},"end":{"line":50,"column":null}}]},"7":{"loc":{"start":{"line":51,"column":25},"end":{"line":51,"column":null}},"type":"binary-expr","locations":[{"start":{"line":51,"column":25},"end":{"line":51,"column":52}},{"start":{"line":51,"column":56},"end":{"line":51,"column":null}}]},"8":{"loc":{"start":{"line":80,"column":2},"end":{"line":82,"column":null}},"type":"if","locations":[{"start":{"line":80,"column":2},"end":{"line":82,"column":null}}]},"9":{"loc":{"start":{"line":85,"column":2},"end":{"line":87,"column":null}},"type":"if","locations":[{"start":{"line":85,"column":2},"end":{"line":87,"column":null}}]}},"s":{"0":0,"1":0,"2":0,"3":0,"4":0,"5":0,"6":0,"7":0,"8":0,"9":0,"10":0,"11":0,"12":0,"13":0,"14":0,"15":0,"16":0,"17":0,"18":0,"19":0,"20":0,"21":0,"22":0,"23":0,"24":0,"25":0,"26":0,"27":0,"28":0,"29":0,"30":0,"31":0},"f":{"0":0,"1":0},"b":{"0":[0],"1":[0],"2":[0],"3":[0,0],"4":[0,0],"5":[0,0],"6":[0,0],"7":[0,0],"8":[0],"9":[0]}}
,"C:\\Users\\Ok\\Documents\\Engagebot\\src\\app\\api\\auth\\instagram\\route.ts": {"path":"C:\\Users\\Ok\\Documents\\Engagebot\\src\\app\\api\\auth\\instagram\\route.ts","statementMap":{"0":{"start":{"line":28,"column":22},"end":{"line":28,"column":25}},"1":{"start":{"line":3,"column":22},"end":{"line":3,"column":26}},"2":{"start":{"line":1,"column":42},"end":{"line":1,"column":null}},"3":{"start":{"line":4,"column":2},"end":{"line":25,"column":null}},"4":{"start":{"line":5,"column":27},"end":{"line":5,"column":55}},"5":{"start":{"line":6,"column":24},"end":{"line":6,"column":58}},"6":{"start":{"line":8,"column":4},"end":{"line":13,"column":null}},"7":{"start":{"line":9,"column":6},"end":{"line":11,"column":null}},"8":{"start":{"line":15,"column":18},"end":{"line":15,"column":null}},"9":{"start":{"line":16,"column":20},"end":{"line":16,"column":203}},"10":{"start":{"line":18,"column":4},"end":{"line":18,"column":null}},"11":{"start":{"line":20,"column":4},"end":{"line":20,"column":null}},"12":{"start":{"line":21,"column":4},"end":{"line":23,"column":null}},"13":{"start":{"line":29,"column":2},"end":{"line":77,"column":null}},"14":{"start":{"line":30,"column":29},"end":{"line":30,"column":null}},"15":{"start":{"line":31,"column":17},"end":{"line":31,"column":null}},"16":{"start":{"line":32,"column":18},"end":{"line":32,"column":null}},"17":{"start":{"line":34,"column":4},"end":{"line":36,"column":null}},"18":{"start":{"line":35,"column":6},"end":{"line":35,"column":null}},"19":{"start":{"line":38,"column":26},"end":{"line":50,"column":null}},"20":{"start":{"line":52,"column":4},"end":{"line":54,"column":null}},"21":{"start":{"line":53,"column":6},"end":{"line":53,"column":null}},"22":{"start":{"line":56,"column":22},"end":{"line":56,"column":null}},"23":{"start":{"line":57,"column":24},"end":{"line":57,"column":46}},"24":{"start":{"line":58,"column":19},"end":{"line":58,"column":36}},"25":{"start":{"line":61,"column":28},"end":{"line":62,"column":null}},"26":{"start":{"line":65,"column":4},"end":{"line":67,"column":null}},"27":{"start":{"line":66,"column":6},"end":{"line":66,"column":null}},"28":{"start":{"line":69,"column":24},"end":{"line":69,"column":null}},"29":{"start":{"line":73,"column":4},"end":{"line":73,"column":null}},"30":{"start":{"line":75,"column":4},"end":{"line":75,"column":null}},"31":{"start":{"line":76,"column":4},"end":{"line":76,"column":null}}},"fnMap":{"0":{"name":"POST","decl":{"start":{"line":3,"column":22},"end":{"line":3,"column":26}},"loc":{"start":{"line":3,"column":47},"end":{"line":26,"column":null}}},"1":{"name":"GET","decl":{"start":{"line":28,"column":22},"end":{"line":28,"column":25}},"loc":{"start":{"line":28,"column":46},"end":{"line":78,"column":null}}}},"branchMap":{"0":{"loc":{"start":{"line":8,"column":4},"end":{"line":13,"column":null}},"type":"if","locations":[{"start":{"line":8,"column":4},"end":{"line":13,"column":null}}]},"1":{"loc":{"start":{"line":8,"column":8},"end":{"line":8,"column":41}},"type":"binary-expr","locations":[{"start":{"line":8,"column":8},"end":{"line":8,"column":27}},{"start":{"line":8,"column":27},"end":{"line":8,"column":41}}]},"2":{"loc":{"start":{"line":34,"column":4},"end":{"line":36,"column":null}},"type":"if","locations":[{"start":{"line":34,"column":4},"end":{"line":36,"column":null}}]},"3":{"loc":{"start":{"line":52,"column":4},"end":{"line":54,"column":null}},"type":"if","locations":[{"start":{"line":52,"column":4},"end":{"line":54,"column":null}}]},"4":{"loc":{"start":{"line":65,"column":4},"end":{"line":67,"column":null}},"type":"if","locations":[{"start":{"line":65,"column":4},"end":{"line":67,"column":null}}]}},"s":{"0":0,"1":0,"2":0,"3":0,"4":0,"5":0,"6":0,"7":0,"8":0,"9":0,"10":0,"11":0,"12":0,"13":0,"14":0,"15":0,"16":0,"17":0,"18":0,"19":0,"20":0,"21":0,"22":0,"23":0,"24":0,"25":0,"26":0,"27":0,"28":0,"29":0,"30":0,"31":0},"f":{"0":0,"1":0},"b":{"0":[0],"1":[0,0],"2":[0],"3":[0],"4":[0]}}
,"C:\\Users\\Ok\\Documents\\Engagebot\\src\\app\\api\\auth\\tiktok\\route.ts": {"path":"C:\\Users\\Ok\\Documents\\Engagebot\\src\\app\\api\\auth\\tiktok\\route.ts","statementMap":{"0":{"start":{"line":28,"column":22},"end":{"line":28,"column":25}},"1":{"start":{"line":3,"column":22},"end":{"line":3,"column":26}},"2":{"start":{"line":1,"column":42},"end":{"line":1,"column":null}},"3":{"start":{"line":4,"column":2},"end":{"line":25,"column":null}},"4":{"start":{"line":5,"column":27},"end":{"line":5,"column":56}},"5":{"start":{"line":6,"column":24},"end":{"line":6,"column":55}},"6":{"start":{"line":8,"column":4},"end":{"line":13,"column":null}},"7":{"start":{"line":9,"column":6},"end":{"line":11,"column":null}},"8":{"start":{"line":15,"column":18},"end":{"line":15,"column":null}},"9":{"start":{"line":16,"column":20},"end":{"line":16,"column":206}},"10":{"start":{"line":18,"column":4},"end":{"line":18,"column":null}},"11":{"start":{"line":20,"column":4},"end":{"line":20,"column":null}},"12":{"start":{"line":21,"column":4},"end":{"line":23,"column":null}},"13":{"start":{"line":29,"column":2},"end":{"line":77,"column":null}},"14":{"start":{"line":30,"column":29},"end":{"line":30,"column":null}},"15":{"start":{"line":31,"column":17},"end":{"line":31,"column":null}},"16":{"start":{"line":32,"column":18},"end":{"line":32,"column":null}},"17":{"start":{"line":34,"column":4},"end":{"line":36,"column":null}},"18":{"start":{"line":35,"column":6},"end":{"line":35,"column":null}},"19":{"start":{"line":38,"column":26},"end":{"line":50,"column":null}},"20":{"start":{"line":52,"column":4},"end":{"line":54,"column":null}},"21":{"start":{"line":53,"column":6},"end":{"line":53,"column":null}},"22":{"start":{"line":56,"column":22},"end":{"line":56,"column":null}},"23":{"start":{"line":57,"column":24},"end":{"line":57,"column":46}},"24":{"start":{"line":58,"column":19},"end":{"line":58,"column":36}},"25":{"start":{"line":61,"column":28},"end":{"line":62,"column":null}},"26":{"start":{"line":65,"column":4},"end":{"line":67,"column":null}},"27":{"start":{"line":66,"column":6},"end":{"line":66,"column":null}},"28":{"start":{"line":69,"column":24},"end":{"line":69,"column":null}},"29":{"start":{"line":73,"column":4},"end":{"line":73,"column":null}},"30":{"start":{"line":75,"column":4},"end":{"line":75,"column":null}},"31":{"start":{"line":76,"column":4},"end":{"line":76,"column":null}}},"fnMap":{"0":{"name":"POST","decl":{"start":{"line":3,"column":22},"end":{"line":3,"column":26}},"loc":{"start":{"line":3,"column":47},"end":{"line":26,"column":null}}},"1":{"name":"GET","decl":{"start":{"line":28,"column":22},"end":{"line":28,"column":25}},"loc":{"start":{"line":28,"column":46},"end":{"line":78,"column":null}}}},"branchMap":{"0":{"loc":{"start":{"line":8,"column":4},"end":{"line":13,"column":null}},"type":"if","locations":[{"start":{"line":8,"column":4},"end":{"line":13,"column":null}}]},"1":{"loc":{"start":{"line":8,"column":8},"end":{"line":8,"column":41}},"type":"binary-expr","locations":[{"start":{"line":8,"column":8},"end":{"line":8,"column":27}},{"start":{"line":8,"column":27},"end":{"line":8,"column":41}}]},"2":{"loc":{"start":{"line":34,"column":4},"end":{"line":36,"column":null}},"type":"if","locations":[{"start":{"line":34,"column":4},"end":{"line":36,"column":null}}]},"3":{"loc":{"start":{"line":52,"column":4},"end":{"line":54,"column":null}},"type":"if","locations":[{"start":{"line":52,"column":4},"end":{"line":54,"column":null}}]},"4":{"loc":{"start":{"line":65,"column":4},"end":{"line":67,"column":null}},"type":"if","locations":[{"start":{"line":65,"column":4},"end":{"line":67,"column":null}}]}},"s":{"0":0,"1":0,"2":0,"3":0,"4":0,"5":0,"6":0,"7":0,"8":0,"9":0,"10":0,"11":0,"12":0,"13":0,"14":0,"15":0,"16":0,"17":0,"18":0,"19":0,"20":0,"21":0,"22":0,"23":0,"24":0,"25":0,"26":0,"27":0,"28":0,"29":0,"30":0,"31":0},"f":{"0":0,"1":0},"b":{"0":[0],"1":[0,0],"2":[0],"3":[0],"4":[0]}}
,"C:\\Users\\Ok\\Documents\\Engagebot\\src\\app\\api\\comments\\respond\\route.ts": {"path":"C:\\Users\\Ok\\Documents\\Engagebot\\src\\app\\api\\comments\\respond\\route.ts","statementMap":{"0":{"start":{"line":4,"column":22},"end":{"line":4,"column":27}},"1":{"start":{"line":1,"column":42},"end":{"line":1,"column":null}},"2":{"start":{"line":2,"column":43},"end":{"line":2,"column":null}},"3":{"start":{"line":5,"column":2},"end":{"line":37,"column":null}},"4":{"start":{"line":6,"column":21},"end":{"line":6,"column":null}},"5":{"start":{"line":7,"column":31},"end":{"line":7,"column":null}},"6":{"start":{"line":9,"column":4},"end":{"line":11,"column":null}},"7":{"start":{"line":10,"column":6},"end":{"line":10,"column":null}},"8":{"start":{"line":13,"column":36},"end":{"line":13,"column":null}},"9":{"start":{"line":15,"column":4},"end":{"line":17,"column":null}},"10":{"start":{"line":16,"column":6},"end":{"line":16,"column":null}},"11":{"start":{"line":20,"column":22},"end":{"line":27,"column":null}},"12":{"start":{"line":29,"column":4},"end":{"line":31,"column":null}},"13":{"start":{"line":30,"column":6},"end":{"line":30,"column":null}},"14":{"start":{"line":33,"column":4},"end":{"line":33,"column":null}},"15":{"start":{"line":35,"column":4},"end":{"line":35,"column":null}},"16":{"start":{"line":36,"column":4},"end":{"line":36,"column":null}}},"fnMap":{"0":{"name":"POST","decl":{"start":{"line":4,"column":22},"end":{"line":4,"column":27}},"loc":{"start":{"line":4,"column":47},"end":{"line":38,"column":null}}}},"branchMap":{"0":{"loc":{"start":{"line":9,"column":4},"end":{"line":11,"column":null}},"type":"if","locations":[{"start":{"line":9,"column":4},"end":{"line":11,"column":null}}]},"1":{"loc":{"start":{"line":15,"column":4},"end":{"line":17,"column":null}},"type":"if","locations":[{"start":{"line":15,"column":4},"end":{"line":17,"column":null}}]},"2":{"loc":{"start":{"line":15,"column":8},"end":{"line":15,"column":33}},"type":"binary-expr","locations":[{"start":{"line":15,"column":8},"end":{"line":15,"column":22}},{"start":{"line":15,"column":22},"end":{"line":15,"column":33}}]},"3":{"loc":{"start":{"line":29,"column":4},"end":{"line":31,"column":null}},"type":"if","locations":[{"start":{"line":29,"column":4},"end":{"line":31,"column":null}}]}},"s":{"0":0,"1":0,"2":0,"3":0,"4":0,"5":0,"6":0,"7":0,"8":0,"9":0,"10":0,"11":0,"12":0,"13":0,"14":0,"15":0,"16":0},"f":{"0":0},"b":{"0":[0],"1":[0],"2":[0,0],"3":[0]}}
,"C:\\Users\\Ok\\Documents\\Engagebot\\src\\app\\api\\comments\\spam\\route.ts": {"path":"C:\\Users\\Ok\\Documents\\Engagebot\\src\\app\\api\\comments\\spam\\route.ts","statementMap":{"0":{"start":{"line":4,"column":22},"end":{"line":4,"column":27}},"1":{"start":{"line":1,"column":42},"end":{"line":1,"column":null}},"2":{"start":{"line":2,"column":43},"end":{"line":2,"column":null}},"3":{"start":{"line":5,"column":2},"end":{"line":34,"column":null}},"4":{"start":{"line":6,"column":21},"end":{"line":6,"column":null}},"5":{"start":{"line":7,"column":31},"end":{"line":7,"column":null}},"6":{"start":{"line":9,"column":4},"end":{"line":11,"column":null}},"7":{"start":{"line":10,"column":6},"end":{"line":10,"column":null}},"8":{"start":{"line":13,"column":26},"end":{"line":13,"column":null}},"9":{"start":{"line":15,"column":4},"end":{"line":17,"column":null}},"10":{"start":{"line":16,"column":6},"end":{"line":16,"column":null}},"11":{"start":{"line":20,"column":22},"end":{"line":24,"column":null}},"12":{"start":{"line":26,"column":4},"end":{"line":28,"column":null}},"13":{"start":{"line":27,"column":6},"end":{"line":27,"column":null}},"14":{"start":{"line":30,"column":4},"end":{"line":30,"column":null}},"15":{"start":{"line":32,"column":4},"end":{"line":32,"column":null}},"16":{"start":{"line":33,"column":4},"end":{"line":33,"column":null}}},"fnMap":{"0":{"name":"POST","decl":{"start":{"line":4,"column":22},"end":{"line":4,"column":27}},"loc":{"start":{"line":4,"column":47},"end":{"line":35,"column":null}}}},"branchMap":{"0":{"loc":{"start":{"line":9,"column":4},"end":{"line":11,"column":null}},"type":"if","locations":[{"start":{"line":9,"column":4},"end":{"line":11,"column":null}}]},"1":{"loc":{"start":{"line":15,"column":4},"end":{"line":17,"column":null}},"type":"if","locations":[{"start":{"line":15,"column":4},"end":{"line":17,"column":null}}]},"2":{"loc":{"start":{"line":26,"column":4},"end":{"line":28,"column":null}},"type":"if","locations":[{"start":{"line":26,"column":4},"end":{"line":28,"column":null}}]}},"s":{"0":0,"1":0,"2":0,"3":0,"4":0,"5":0,"6":0,"7":0,"8":0,"9":0,"10":0,"11":0,"12":0,"13":0,"14":0,"15":0,"16":0},"f":{"0":0},"b":{"0":[0],"1":[0],"2":[0]}}
,"C:\\Users\\Ok\\Documents\\Engagebot\\src\\app\\api\\health\\route.ts": {"path":"C:\\Users\\Ok\\Documents\\Engagebot\\src\\app\\api\\health\\route.ts","statementMap":{"0":{"start":{"line":4,"column":22},"end":{"line":4,"column":null}},"1":{"start":{"line":1,"column":29},"end":{"line":1,"column":null}},"2":{"start":{"line":2,"column":43},"end":{"line":2,"column":null}},"3":{"start":{"line":5,"column":2},"end":{"line":42,"column":null}},"4":{"start":{"line":7,"column":21},"end":{"line":7,"column":null}},"5":{"start":{"line":8,"column":28},"end":{"line":8,"column":null}},"6":{"start":{"line":10,"column":4},"end":{"line":12,"column":null}},"7":{"start":{"line":11,"column":6},"end":{"line":11,"column":null}},"8":{"start":{"line":15,"column":28},"end":{"line":22,"column":null}},"9":{"start":{"line":24,"column":27},"end":{"line":24,"column":null}},"10":{"start":{"line":24,"column":61},"end":{"line":24,"column":82}},"11":{"start":{"line":26,"column":4},"end":{"line":35,"column":null}},"12":{"start":{"line":37,"column":4},"end":{"line":41,"column":null}}},"fnMap":{"0":{"name":"GET","decl":{"start":{"line":4,"column":22},"end":{"line":4,"column":null}},"loc":{"start":{"line":4,"column":22},"end":{"line":43,"column":null}}},"1":{"name":"(anonymous_2)","decl":{"start":{"line":24,"column":50},"end":{"line":24,"column":61}},"loc":{"start":{"line":24,"column":61},"end":{"line":24,"column":82}}}},"branchMap":{"0":{"loc":{"start":{"line":10,"column":4},"end":{"line":12,"column":null}},"type":"if","locations":[{"start":{"line":10,"column":4},"end":{"line":12,"column":null}}]},"1":{"loc":{"start":{"line":34,"column":15},"end":{"line":34,"column":null}},"type":"binary-expr","locations":[{"start":{"line":34,"column":15},"end":{"line":34,"column":46}},{"start":{"line":34,"column":50},"end":{"line":34,"column":null}}]},"2":{"loc":{"start":{"line":40,"column":13},"end":{"line":40,"column":null}},"type":"cond-expr","locations":[{"start":{"line":40,"column":38},"end":{"line":40,"column":51}},{"start":{"line":40,"column":54},"end":{"line":40,"column":null}}]}},"s":{"0":0,"1":0,"2":0,"3":0,"4":0,"5":0,"6":0,"7":0,"8":0,"9":0,"10":0,"11":0,"12":0},"f":{"0":0,"1":0},"b":{"0":[0],"1":[0,0],"2":[0,0]}}
,"C:\\Users\\Ok\\Documents\\Engagebot\\src\\app\\api\\stripe\\checkout\\route.ts": {"path":"C:\\Users\\Ok\\Documents\\Engagebot\\src\\app\\api\\stripe\\checkout\\route.ts","statementMap":{"0":{"start":{"line":9,"column":22},"end":{"line":9,"column":27}},"1":{"start":{"line":1,"column":42},"end":{"line":1,"column":null}},"2":{"start":{"line":2,"column":43},"end":{"line":2,"column":null}},"3":{"start":{"line":3,"column":19},"end":{"line":3,"column":null}},"4":{"start":{"line":5,"column":15},"end":{"line":7,"column":null}},"5":{"start":{"line":10,"column":2},"end":{"line":73,"column":null}},"6":{"start":{"line":11,"column":21},"end":{"line":11,"column":null}},"7":{"start":{"line":12,"column":31},"end":{"line":12,"column":null}},"8":{"start":{"line":14,"column":4},"end":{"line":16,"column":null}},"9":{"start":{"line":15,"column":6},"end":{"line":15,"column":null}},"10":{"start":{"line":18,"column":24},"end":{"line":18,"column":null}},"11":{"start":{"line":20,"column":4},"end":{"line":22,"column":null}},"12":{"start":{"line":21,"column":6},"end":{"line":21,"column":null}},"13":{"start":{"line":25,"column":27},"end":{"line":25,"column":null}},"14":{"start":{"line":26,"column":35},"end":{"line":30,"column":null}},"15":{"start":{"line":32,"column":4},"end":{"line":42,"column":null}},"16":{"start":{"line":33,"column":6},"end":{"line":33,"column":null}},"17":{"start":{"line":35,"column":23},"end":{"line":40,"column":null}},"18":{"start":{"line":41,"column":6},"end":{"line":41,"column":null}},"19":{"start":{"line":45,"column":45},"end":{"line":48,"column":null}},"20":{"start":{"line":50,"column":26},"end":{"line":50,"column":43}},"21":{"start":{"line":52,"column":4},"end":{"line":54,"column":null}},"22":{"start":{"line":53,"column":6},"end":{"line":53,"column":null}},"23":{"start":{"line":57,"column":28},"end":{"line":67,"column":null}},"24":{"start":{"line":69,"column":4},"end":{"line":69,"column":null}},"25":{"start":{"line":71,"column":4},"end":{"line":71,"column":null}},"26":{"start":{"line":72,"column":4},"end":{"line":72,"column":null}}},"fnMap":{"0":{"name":"POST","decl":{"start":{"line":9,"column":22},"end":{"line":9,"column":27}},"loc":{"start":{"line":9,"column":47},"end":{"line":74,"column":null}}}},"branchMap":{"0":{"loc":{"start":{"line":14,"column":4},"end":{"line":16,"column":null}},"type":"if","locations":[{"start":{"line":14,"column":4},"end":{"line":16,"column":null}}]},"1":{"loc":{"start":{"line":20,"column":4},"end":{"line":22,"column":null}},"type":"if","locations":[{"start":{"line":20,"column":4},"end":{"line":22,"column":null}}]},"2":{"loc":{"start":{"line":32,"column":4},"end":{"line":42,"column":null}},"type":"if","locations":[{"start":{"line":32,"column":4},"end":{"line":42,"column":null}},{"start":{"line":34,"column":11},"end":{"line":42,"column":null}}]},"3":{"loc":{"start":{"line":46,"column":11},"end":{"line":46,"column":null}},"type":"binary-expr","locations":[{"start":{"line":46,"column":11},"end":{"line":46,"column":42}},{"start":{"line":46,"column":46},"end":{"line":46,"column":null}}]},"4":{"loc":{"start":{"line":47,"column":18},"end":{"line":47,"column":null}},"type":"binary-expr","locations":[{"start":{"line":47,"column":18},"end":{"line":47,"column":56}},{"start":{"line":47,"column":60},"end":{"line":47,"column":null}}]},"5":{"loc":{"start":{"line":52,"column":4},"end":{"line":54,"column":null}},"type":"if","locations":[{"start":{"line":52,"column":4},"end":{"line":54,"column":null}}]}},"s":{"0":0,"1":0,"2":0,"3":0,"4":0,"5":0,"6":0,"7":0,"8":0,"9":0,"10":0,"11":0,"12":0,"13":0,"14":0,"15":0,"16":0,"17":0,"18":0,"19":0,"20":0,"21":0,"22":0,"23":0,"24":0,"25":0,"26":0},"f":{"0":0},"b":{"0":[0],"1":[0],"2":[0,0],"3":[0,0],"4":[0,0],"5":[0]}}
,"C:\\Users\\Ok\\Documents\\Engagebot\\src\\app\\api\\stripe\\webhook\\route.ts": {"path":"C:\\Users\\Ok\\Documents\\Engagebot\\src\\app\\api\\stripe\\webhook\\route.ts","statementMap":{"0":{"start":{"line":9,"column":22},"end":{"line":9,"column":27}},"1":{"start":{"line":1,"column":42},"end":{"line":1,"column":null}},"2":{"start":{"line":2,"column":43},"end":{"line":2,"column":null}},"3":{"start":{"line":3,"column":19},"end":{"line":3,"column":null}},"4":{"start":{"line":5,"column":15},"end":{"line":7,"column":null}},"5":{"start":{"line":10,"column":2},"end":{"line":119,"column":null}},"6":{"start":{"line":11,"column":17},"end":{"line":11,"column":null}},"7":{"start":{"line":12,"column":22},"end":{"line":12,"column":null}},"8":{"start":{"line":14,"column":4},"end":{"line":16,"column":null}},"9":{"start":{"line":15,"column":6},"end":{"line":15,"column":null}},"10":{"start":{"line":18,"column":18},"end":{"line":21,"column":null}},"11":{"start":{"line":24,"column":21},"end":{"line":24,"column":null}},"12":{"start":{"line":26,"column":4},"end":{"line":113,"column":null}},"13":{"start":{"line":28,"column":24},"end":{"line":28,"column":41}},"14":{"start":{"line":29,"column":23},"end":{"line":29,"column":null}},"15":{"start":{"line":30,"column":24},"end":{"line":30,"column":null}},"16":{"start":{"line":32,"column":8},"end":{"line":34,"column":null}},"17":{"start":{"line":33,"column":10},"end":{"line":33,"column":null}},"18":{"start":{"line":37,"column":48},"end":{"line":40,"column":null}},"19":{"start":{"line":42,"column":21},"end":{"line":42,"column":null}},"20":{"start":{"line":45,"column":8},"end":{"line":56,"column":null}},"21":{"start":{"line":58,"column":8},"end":{"line":58,"column":null}},"22":{"start":{"line":62,"column":29},"end":{"line":62,"column":46}},"23":{"start":{"line":63,"column":27},"end":{"line":63,"column":48}},"24":{"start":{"line":66,"column":34},"end":{"line":70,"column":null}},"25":{"start":{"line":72,"column":8},"end":{"line":82,"column":null}},"26":{"start":{"line":73,"column":10},"end":{"line":81,"column":null}},"27":{"start":{"line":84,"column":8},"end":{"line":84,"column":null}},"28":{"start":{"line":88,"column":29},"end":{"line":88,"column":46}},"29":{"start":{"line":89,"column":27},"end":{"line":89,"column":48}},"30":{"start":{"line":92,"column":34},"end":{"line":96,"column":null}},"31":{"start":{"line":98,"column":8},"end":{"line":106,"column":null}},"32":{"start":{"line":99,"column":10},"end":{"line":105,"column":null}},"33":{"start":{"line":108,"column":8},"end":{"line":108,"column":null}},"34":{"start":{"line":112,"column":8},"end":{"line":112,"column":null}},"35":{"start":{"line":115,"column":4},"end":{"line":115,"column":null}},"36":{"start":{"line":117,"column":4},"end":{"line":117,"column":null}},"37":{"start":{"line":118,"column":4},"end":{"line":118,"column":null}}},"fnMap":{"0":{"name":"POST","decl":{"start":{"line":9,"column":22},"end":{"line":9,"column":27}},"loc":{"start":{"line":9,"column":47},"end":{"line":120,"column":null}}}},"branchMap":{"0":{"loc":{"start":{"line":14,"column":4},"end":{"line":16,"column":null}},"type":"if","locations":[{"start":{"line":14,"column":4},"end":{"line":16,"column":null}}]},"1":{"loc":{"start":{"line":26,"column":4},"end":{"line":113,"column":null}},"type":"switch","locations":[{"start":{"line":27,"column":6},"end":{"line":59,"column":null}},{"start":{"line":61,"column":6},"end":{"line":85,"column":null}},{"start":{"line":87,"column":6},"end":{"line":109,"column":null}},{"start":{"line":111,"column":6},"end":{"line":112,"column":null}}]},"2":{"loc":{"start":{"line":32,"column":8},"end":{"line":34,"column":null}},"type":"if","locations":[{"start":{"line":32,"column":8},"end":{"line":34,"column":null}}]},"3":{"loc":{"start":{"line":32,"column":12},"end":{"line":32,"column":33}},"type":"binary-expr","locations":[{"start":{"line":32,"column":12},"end":{"line":32,"column":23}},{"start":{"line":32,"column":23},"end":{"line":32,"column":33}}]},"4":{"loc":{"start":{"line":42,"column":21},"end":{"line":42,"column":null}},"type":"binary-expr","locations":[{"start":{"line":42,"column":21},"end":{"line":42,"column":37}},{"start":{"line":42,"column":41},"end":{"line":42,"column":null}}]},"5":{"loc":{"start":{"line":72,"column":8},"end":{"line":82,"column":null}},"type":"if","locations":[{"start":{"line":72,"column":8},"end":{"line":82,"column":null}}]},"6":{"loc":{"start":{"line":98,"column":8},"end":{"line":106,"column":null}},"type":"if","locations":[{"start":{"line":98,"column":8},"end":{"line":106,"column":null}}]}},"s":{"0":0,"1":0,"2":0,"3":0,"4":0,"5":0,"6":0,"7":0,"8":0,"9":0,"10":0,"11":0,"12":0,"13":0,"14":0,"15":0,"16":0,"17":0,"18":0,"19":0,"20":0,"21":0,"22":0,"23":0,"24":0,"25":0,"26":0,"27":0,"28":0,"29":0,"30":0,"31":0,"32":0,"33":0,"34":0,"35":0,"36":0,"37":0},"f":{"0":0},"b":{"0":[0],"1":[0,0,0,0],"2":[0],"3":[0,0],"4":[0,0],"5":[0],"6":[0]}}
,"C:\\Users\\Ok\\Documents\\Engagebot\\src\\app\\auth\\signin\\page.tsx": {"path":"C:\\Users\\Ok\\Documents\\Engagebot\\src\\app\\auth\\signin\\page.tsx","statementMap":{"0":{"start":{"line":6,"column":24},"end":{"line":6,"column":null}},"1":{"start":{"line":3,"column":29},"end":{"line":3,"column":null}},"2":{"start":{"line":4,"column":19},"end":{"line":4,"column":null}}},"fnMap":{"0":{"name":"SignInPage","decl":{"start":{"line":6,"column":24},"end":{"line":6,"column":null}},"loc":{"start":{"line":6,"column":24},"end":{"line":12,"column":null}}}},"branchMap":{},"s":{"0":0,"1":0,"2":0},"f":{"0":0},"b":{}}
,"C:\\Users\\Ok\\Documents\\Engagebot\\src\\app\\dashboard\\page.tsx": {"path":"C:\\Users\\Ok\\Documents\\Engagebot\\src\\app\\dashboard\\page.tsx","statementMap":{"0":{"start":{"line":10,"column":24},"end":{"line":10,"column":null}},"1":{"start":{"line":3,"column":36},"end":{"line":3,"column":null}},"2":{"start":{"line":4,"column":26},"end":{"line":4,"column":null}},"3":{"start":{"line":5,"column":24},"end":{"line":5,"column":null}},"4":{"start":{"line":6,"column":24},"end":{"line":6,"column":null}},"5":{"start":{"line":7,"column":23},"end":{"line":7,"column":null}},"6":{"start":{"line":8,"column":28},"end":{"line":8,"column":null}},"7":{"start":{"line":11,"column":36},"end":{"line":11,"column":null}},"8":{"start":{"line":12,"column":28},"end":{"line":12,"column":null}},"9":{"start":{"line":13,"column":17},"end":{"line":13,"column":null}},"10":{"start":{"line":15,"column":2},"end":{"line":19,"column":null}},"11":{"start":{"line":16,"column":4},"end":{"line":18,"column":null}},"12":{"start":{"line":17,"column":6},"end":{"line":17,"column":null}},"13":{"start":{"line":21,"column":2},"end":{"line":27,"column":null}},"14":{"start":{"line":29,"column":2},"end":{"line":31,"column":null}},"15":{"start":{"line":30,"column":4},"end":{"line":30,"column":null}},"16":{"start":{"line":40,"column":10},"end":{"line":40,"column":null}}},"fnMap":{"0":{"name":"Dashboard","decl":{"start":{"line":10,"column":24},"end":{"line":10,"column":null}},"loc":{"start":{"line":10,"column":24},"end":{"line":49,"column":null}}},"1":{"name":"(anonymous_2)","decl":{"start":{"line":15,"column":12},"end":{"line":15,"column":null}},"loc":{"start":{"line":15,"column":12},"end":{"line":19,"column":5}}},"2":{"name":"(anonymous_3)","decl":{"start":{"line":38,"column":19},"end":{"line":38,"column":null}},"loc":{"start":{"line":38,"column":19},"end":{"line":41,"column":null}}}},"branchMap":{"0":{"loc":{"start":{"line":16,"column":4},"end":{"line":18,"column":null}},"type":"if","locations":[{"start":{"line":16,"column":4},"end":{"line":18,"column":null}}]},"1":{"loc":{"start":{"line":16,"column":8},"end":{"line":16,"column":27}},"type":"binary-expr","locations":[{"start":{"line":16,"column":8},"end":{"line":16,"column":20}},{"start":{"line":16,"column":20},"end":{"line":16,"column":27}}]},"2":{"loc":{"start":{"line":21,"column":2},"end":{"line":27,"column":null}},"type":"if","locations":[{"start":{"line":21,"column":2},"end":{"line":27,"column":null}}]},"3":{"loc":{"start":{"line":29,"column":2},"end":{"line":31,"column":null}},"type":"if","locations":[{"start":{"line":29,"column":2},"end":{"line":31,"column":null}}]}},"s":{"0":0,"1":0,"2":0,"3":0,"4":0,"5":0,"6":0,"7":0,"8":0,"9":0,"10":0,"11":0,"12":0,"13":0,"14":0,"15":0,"16":0},"f":{"0":0,"1":0,"2":0},"b":{"0":[0],"1":[0,0],"2":[0],"3":[0]}}
,"C:\\Users\\Ok\\Documents\\Engagebot\\src\\components\\auth\\SignIn.tsx": {"path":"C:\\Users\\Ok\\Documents\\Engagebot\\src\\components\\auth\\SignIn.tsx","statementMap":{"0":{"start":{"line":7,"column":24},"end":{"line":7,"column":null}},"1":{"start":{"line":3,"column":25},"end":{"line":3,"column":null}},"2":{"start":{"line":4,"column":24},"end":{"line":4,"column":null}},"3":{"start":{"line":5,"column":17},"end":{"line":5,"column":null}},"4":{"start":{"line":8,"column":28},"end":{"line":8,"column":null}},"5":{"start":{"line":9,"column":34},"end":{"line":9,"column":null}},"6":{"start":{"line":10,"column":34},"end":{"line":10,"column":null}},"7":{"start":{"line":11,"column":28},"end":{"line":11,"column":null}},"8":{"start":{"line":12,"column":32},"end":{"line":12,"column":null}},"9":{"start":{"line":13,"column":29},"end":{"line":13,"column":null}},"10":{"start":{"line":15,"column":23},"end":{"line":27,"column":null}},"11":{"start":{"line":16,"column":4},"end":{"line":16,"column":null}},"12":{"start":{"line":17,"column":4},"end":{"line":17,"column":null}},"13":{"start":{"line":18,"column":4},"end":{"line":18,"column":null}},"14":{"start":{"line":20,"column":4},"end":{"line":26,"column":null}},"15":{"start":{"line":21,"column":6},"end":{"line":21,"column":null}},"16":{"start":{"line":23,"column":6},"end":{"line":23,"column":null}},"17":{"start":{"line":25,"column":6},"end":{"line":25,"column":null}},"18":{"start":{"line":29,"column":23},"end":{"line":41,"column":null}},"19":{"start":{"line":30,"column":4},"end":{"line":30,"column":null}},"20":{"start":{"line":31,"column":4},"end":{"line":31,"column":null}},"21":{"start":{"line":32,"column":4},"end":{"line":32,"column":null}},"22":{"start":{"line":34,"column":4},"end":{"line":40,"column":null}},"23":{"start":{"line":35,"column":6},"end":{"line":35,"column":null}},"24":{"start":{"line":37,"column":6},"end":{"line":37,"column":null}},"25":{"start":{"line":39,"column":6},"end":{"line":39,"column":null}},"26":{"start":{"line":65,"column":31},"end":{"line":65,"column":null}},"27":{"start":{"line":80,"column":31},"end":{"line":80,"column":null}},"28":{"start":{"line":98,"column":27},"end":{"line":98,"column":null}}},"fnMap":{"0":{"name":"SignIn","decl":{"start":{"line":7,"column":24},"end":{"line":7,"column":null}},"loc":{"start":{"line":7,"column":24},"end":{"line":113,"column":null}}},"1":{"name":"(anonymous_3)","decl":{"start":{"line":15,"column":23},"end":{"line":15,"column":30}},"loc":{"start":{"line":15,"column":30},"end":{"line":27,"column":null}}},"2":{"name":"(anonymous_4)","decl":{"start":{"line":29,"column":23},"end":{"line":29,"column":30}},"loc":{"start":{"line":29,"column":30},"end":{"line":41,"column":null}}},"3":{"name":"(anonymous_5)","decl":{"start":{"line":65,"column":24},"end":{"line":65,"column":25}},"loc":{"start":{"line":65,"column":31},"end":{"line":65,"column":null}}},"4":{"name":"(anonymous_6)","decl":{"start":{"line":80,"column":24},"end":{"line":80,"column":25}},"loc":{"start":{"line":80,"column":31},"end":{"line":80,"column":null}}},"5":{"name":"(anonymous_7)","decl":{"start":{"line":98,"column":21},"end":{"line":98,"column":27}},"loc":{"start":{"line":98,"column":27},"end":{"line":98,"column":null}}}},"branchMap":{"0":{"loc":{"start":{"line":23,"column":15},"end":{"line":23,"column":null}},"type":"binary-expr","locations":[{"start":{"line":23,"column":15},"end":{"line":23,"column":26}},{"start":{"line":23,"column":30},"end":{"line":23,"column":null}}]},"1":{"loc":{"start":{"line":37,"column":15},"end":{"line":37,"column":null}},"type":"binary-expr","locations":[{"start":{"line":37,"column":15},"end":{"line":37,"column":26}},{"start":{"line":37,"column":30},"end":{"line":37,"column":null}}]},"2":{"loc":{"start":{"line":47,"column":11},"end":{"line":47,"column":null}},"type":"cond-expr","locations":[{"start":{"line":47,"column":22},"end":{"line":47,"column":41}},{"start":{"line":47,"column":41},"end":{"line":47,"column":null}}]},"3":{"loc":{"start":{"line":50,"column":9},"end":{"line":50,"column":null}},"type":"binary-expr","locations":[{"start":{"line":50,"column":9},"end":{"line":50,"column":null}}]},"4":{"loc":{"start":{"line":56,"column":24},"end":{"line":56,"column":64}},"type":"cond-expr","locations":[{"start":{"line":56,"column":35},"end":{"line":56,"column":50}},{"start":{"line":56,"column":50},"end":{"line":56,"column":64}}]},"5":{"loc":{"start":{"line":92,"column":13},"end":{"line":92,"column":null}},"type":"cond-expr","locations":[{"start":{"line":92,"column":23},"end":{"line":92,"column":39}},{"start":{"line":92,"column":39},"end":{"line":92,"column":null}}]},"6":{"loc":{"start":{"line":92,"column":39},"end":{"line":92,"column":null}},"type":"cond-expr","locations":[{"start":{"line":92,"column":50},"end":{"line":92,"column":62}},{"start":{"line":92,"column":62},"end":{"line":92,"column":null}}]},"7":{"loc":{"start":{"line":101,"column":13},"end":{"line":101,"column":null}},"type":"cond-expr","locations":[{"start":{"line":101,"column":24},"end":{"line":101,"column":61}},{"start":{"line":101,"column":61},"end":{"line":101,"column":null}}]}},"s":{"0":0,"1":0,"2":0,"3":0,"4":0,"5":0,"6":0,"7":0,"8":0,"9":0,"10":0,"11":0,"12":0,"13":0,"14":0,"15":0,"16":0,"17":0,"18":0,"19":0,"20":0,"21":0,"22":0,"23":0,"24":0,"25":0,"26":0,"27":0,"28":0},"f":{"0":0,"1":0,"2":0,"3":0,"4":0,"5":0},"b":{"0":[0,0],"1":[0,0],"2":[0,0],"3":[0],"4":[0,0],"5":[0,0],"6":[0,0],"7":[0,0]}}
,"C:\\Users\\Ok\\Documents\\Engagebot\\src\\components\\dashboard\\CommentCard.tsx": {"path":"C:\\Users\\Ok\\Documents\\Engagebot\\src\\components\\dashboard\\CommentCard.tsx","statementMap":{"0":{"start":{"line":23,"column":24},"end":{"line":23,"column":36}},"1":{"start":{"line":3,"column":25},"end":{"line":3,"column":null}},"2":{"start":{"line":4,"column":24},"end":{"line":4,"column":null}},"3":{"start":{"line":5,"column":59},"end":{"line":5,"column":null}},"4":{"start":{"line":24,"column":34},"end":{"line":24,"column":null}},"5":{"start":{"line":25,"column":42},"end":{"line":25,"column":null}},"6":{"start":{"line":26,"column":36},"end":{"line":26,"column":null}},"7":{"start":{"line":27,"column":19},"end":{"line":27,"column":null}},"8":{"start":{"line":29,"column":27},"end":{"line":53,"column":null}},"9":{"start":{"line":30,"column":4},"end":{"line":30,"column":null}},"10":{"start":{"line":30,"column":15},"end":{"line":30,"column":null}},"11":{"start":{"line":32,"column":4},"end":{"line":32,"column":null}},"12":{"start":{"line":33,"column":4},"end":{"line":52,"column":null}},"13":{"start":{"line":34,"column":18},"end":{"line":42,"column":null}},"14":{"start":{"line":44,"column":6},"end":{"line":44,"column":null}},"15":{"start":{"line":44,"column":19},"end":{"line":44,"column":null}},"16":{"start":{"line":46,"column":19},"end":{"line":46,"column":null}},"17":{"start":{"line":47,"column":6},"end":{"line":47,"column":null}},"18":{"start":{"line":49,"column":6},"end":{"line":49,"column":null}},"19":{"start":{"line":51,"column":6},"end":{"line":51,"column":null}},"20":{"start":{"line":55,"column":23},"end":{"line":80,"column":null}},"21":{"start":{"line":56,"column":4},"end":{"line":56,"column":null}},"22":{"start":{"line":56,"column":28},"end":{"line":56,"column":null}},"23":{"start":{"line":58,"column":4},"end":{"line":58,"column":null}},"24":{"start":{"line":59,"column":4},"end":{"line":79,"column":null}},"25":{"start":{"line":60,"column":18},"end":{"line":69,"column":null}},"26":{"start":{"line":71,"column":6},"end":{"line":71,"column":null}},"27":{"start":{"line":71,"column":19},"end":{"line":71,"column":null}},"28":{"start":{"line":73,"column":6},"end":{"line":73,"column":null}},"29":{"start":{"line":74,"column":6},"end":{"line":74,"column":null}},"30":{"start":{"line":76,"column":6},"end":{"line":76,"column":null}},"31":{"start":{"line":78,"column":6},"end":{"line":78,"column":null}},"32":{"start":{"line":82,"column":21},"end":{"line":100,"column":null}},"33":{"start":{"line":83,"column":4},"end":{"line":83,"column":null}},"34":{"start":{"line":83,"column":15},"end":{"line":83,"column":null}},"35":{"start":{"line":85,"column":4},"end":{"line":99,"column":null}},"36":{"start":{"line":86,"column":18},"end":{"line":94,"column":null}},"37":{"start":{"line":96,"column":6},"end":{"line":96,"column":null}},"38":{"start":{"line":96,"column":19},"end":{"line":96,"column":null}},"39":{"start":{"line":98,"column":6},"end":{"line":98,"column":null}},"40":{"start":{"line":102,"column":26},"end":{"line":108,"column":null}},"41":{"start":{"line":110,"column":28},"end":{"line":114,"column":null}},"42":{"start":{"line":111,"column":4},"end":{"line":111,"column":null}},"43":{"start":{"line":111,"column":40},"end":{"line":111,"column":null}},"44":{"start":{"line":112,"column":4},"end":{"line":112,"column":null}},"45":{"start":{"line":112,"column":40},"end":{"line":112,"column":null}},"46":{"start":{"line":113,"column":4},"end":{"line":113,"column":null}},"47":{"start":{"line":162,"column":29},"end":{"line":162,"column":null}},"48":{"start":{"line":176,"column":29},"end":{"line":176,"column":null}}},"fnMap":{"0":{"name":"CommentCard","decl":{"start":{"line":23,"column":24},"end":{"line":23,"column":36}},"loc":{"start":{"line":23,"column":86},"end":{"line":186,"column":null}}},"1":{"name":"(anonymous_2)","decl":{"start":{"line":29,"column":27},"end":{"line":29,"column":null}},"loc":{"start":{"line":29,"column":27},"end":{"line":53,"column":null}}},"2":{"name":"(anonymous_3)","decl":{"start":{"line":55,"column":23},"end":{"line":55,"column":null}},"loc":{"start":{"line":55,"column":23},"end":{"line":80,"column":null}}},"3":{"name":"(anonymous_4)","decl":{"start":{"line":82,"column":21},"end":{"line":82,"column":null}},"loc":{"start":{"line":82,"column":21},"end":{"line":100,"column":null}}},"4":{"name":"(anonymous_5)","decl":{"start":{"line":102,"column":26},"end":{"line":102,"column":null}},"loc":{"start":{"line":102,"column":26},"end":{"line":108,"column":null}}},"5":{"name":"(anonymous_6)","decl":{"start":{"line":110,"column":28},"end":{"line":110,"column":null}},"loc":{"start":{"line":110,"column":28},"end":{"line":114,"column":null}}},"6":{"name":"(anonymous_7)","decl":{"start":{"line":162,"column":22},"end":{"line":162,"column":23}},"loc":{"start":{"line":162,"column":29},"end":{"line":162,"column":null}}},"7":{"name":"(anonymous_8)","decl":{"start":{"line":176,"column":23},"end":{"line":176,"column":29}},"loc":{"start":{"line":176,"column":29},"end":{"line":176,"column":null}}}},"branchMap":{"0":{"loc":{"start":{"line":30,"column":4},"end":{"line":30,"column":null}},"type":"if","locations":[{"start":{"line":30,"column":4},"end":{"line":30,"column":null}}]},"1":{"loc":{"start":{"line":44,"column":6},"end":{"line":44,"column":null}},"type":"if","locations":[{"start":{"line":44,"column":6},"end":{"line":44,"column":null}}]},"2":{"loc":{"start":{"line":56,"column":4},"end":{"line":56,"column":null}},"type":"if","locations":[{"start":{"line":56,"column":4},"end":{"line":56,"column":null}}]},"3":{"loc":{"start":{"line":56,"column":8},"end":{"line":56,"column":28}},"type":"binary-expr","locations":[{"start":{"line":56,"column":8},"end":{"line":56,"column":17}},{"start":{"line":56,"column":17},"end":{"line":56,"column":28}}]},"4":{"loc":{"start":{"line":71,"column":6},"end":{"line":71,"column":null}},"type":"if","locations":[{"start":{"line":71,"column":6},"end":{"line":71,"column":null}}]},"5":{"loc":{"start":{"line":83,"column":4},"end":{"line":83,"column":null}},"type":"if","locations":[{"start":{"line":83,"column":4},"end":{"line":83,"column":null}}]},"6":{"loc":{"start":{"line":96,"column":6},"end":{"line":96,"column":null}},"type":"if","locations":[{"start":{"line":96,"column":6},"end":{"line":96,"column":null}}]},"7":{"loc":{"start":{"line":104,"column":6},"end":{"line":106,"column":7}},"type":"cond-expr","locations":[{"start":{"line":104,"column":6},"end":{"line":106,"column":7}}]},"8":{"loc":{"start":{"line":111,"column":4},"end":{"line":111,"column":null}},"type":"if","locations":[{"start":{"line":111,"column":4},"end":{"line":111,"column":null}}]},"9":{"loc":{"start":{"line":112,"column":4},"end":{"line":112,"column":null}},"type":"if","locations":[{"start":{"line":112,"column":4},"end":{"line":112,"column":null}}]},"10":{"loc":{"start":{"line":140,"column":8},"end":{"line":159,"column":9}},"type":"cond-expr","locations":[{"start":{"line":140,"column":8},"end":{"line":159,"column":9}}]},"11":{"loc":{"start":{"line":143,"column":22},"end":{"line":143,"column":null}},"type":"binary-expr","locations":[{"start":{"line":143,"column":22},"end":{"line":143,"column":31}},{"start":{"line":143,"column":31},"end":{"line":143,"column":null}}]},"12":{"loc":{"start":{"line":147,"column":13},"end":{"line":147,"column":null}},"type":"cond-expr","locations":[{"start":{"line":147,"column":28},"end":{"line":147,"column":46}},{"start":{"line":147,"column":46},"end":{"line":147,"column":null}}]},"13":{"loc":{"start":{"line":173,"column":15},"end":{"line":173,"column":null}},"type":"cond-expr","locations":[{"start":{"line":173,"column":27},"end":{"line":173,"column":42}},{"start":{"line":173,"column":42},"end":{"line":173,"column":null}}]}},"s":{"0":0,"1":0,"2":0,"3":0,"4":0,"5":0,"6":0,"7":0,"8":0,"9":0,"10":0,"11":0,"12":0,"13":0,"14":0,"15":0,"16":0,"17":0,"18":0,"19":0,"20":0,"21":0,"22":0,"23":0,"24":0,"25":0,"26":0,"27":0,"28":0,"29":0,"30":0,"31":0,"32":0,"33":0,"34":0,"35":0,"36":0,"37":0,"38":0,"39":0,"40":0,"41":0,"42":0,"43":0,"44":0,"45":0,"46":0,"47":0,"48":0},"f":{"0":0,"1":0,"2":0,"3":0,"4":0,"5":0,"6":0,"7":0},"b":{"0":[0],"1":[0],"2":[0],"3":[0,0],"4":[0],"5":[0],"6":[0],"7":[0],"8":[0],"9":[0],"10":[0],"11":[0,0],"12":[0,0],"13":[0,0]}}
,"C:\\Users\\Ok\\Documents\\Engagebot\\src\\components\\dashboard\\Header.tsx": {"path":"C:\\Users\\Ok\\Documents\\Engagebot\\src\\components\\dashboard\\Header.tsx","statementMap":{"0":{"start":{"line":12,"column":16},"end":{"line":12,"column":23}},"1":{"start":{"line":3,"column":21},"end":{"line":3,"column":null}}},"fnMap":{"0":{"name":"Header","decl":{"start":{"line":12,"column":16},"end":{"line":12,"column":23}},"loc":{"start":{"line":12,"column":44},"end":{"line":31,"column":null}}}},"branchMap":{},"s":{"0":0,"1":0},"f":{"0":0},"b":{}}
,"C:\\Users\\Ok\\Documents\\Engagebot\\src\\components\\dashboard\\MainContent.tsx": {"path":"C:\\Users\\Ok\\Documents\\Engagebot\\src\\components\\dashboard\\MainContent.tsx","statementMap":{"0":{"start":{"line":13,"column":16},"end":{"line":13,"column":28}},"1":{"start":{"line":3,"column":28},"end":{"line":3,"column":null}},"2":{"start":{"line":4,"column":29},"end":{"line":4,"column":null}},"3":{"start":{"line":5,"column":28},"end":{"line":5,"column":null}},"4":{"start":{"line":6,"column":24},"end":{"line":6,"column":null}},"5":{"start":{"line":7,"column":30},"end":{"line":7,"column":null}},"6":{"start":{"line":14,"column":20},"end":{"line":29,"column":null}},"7":{"start":{"line":15,"column":4},"end":{"line":28,"column":null}},"8":{"start":{"line":17,"column":8},"end":{"line":17,"column":null}},"9":{"start":{"line":19,"column":8},"end":{"line":19,"column":null}},"10":{"start":{"line":21,"column":8},"end":{"line":21,"column":null}},"11":{"start":{"line":23,"column":8},"end":{"line":23,"column":null}},"12":{"start":{"line":25,"column":8},"end":{"line":25,"column":null}},"13":{"start":{"line":27,"column":8},"end":{"line":27,"column":null}}},"fnMap":{"0":{"name":"MainContent","decl":{"start":{"line":13,"column":16},"end":{"line":13,"column":28}},"loc":{"start":{"line":13,"column":59},"end":{"line":38,"column":null}}},"1":{"name":"(anonymous_2)","decl":{"start":{"line":14,"column":20},"end":{"line":14,"column":null}},"loc":{"start":{"line":14,"column":20},"end":{"line":29,"column":null}}}},"branchMap":{"0":{"loc":{"start":{"line":15,"column":4},"end":{"line":28,"column":null}},"type":"switch","locations":[{"start":{"line":16,"column":6},"end":{"line":17,"column":null}},{"start":{"line":18,"column":6},"end":{"line":19,"column":null}},{"start":{"line":20,"column":6},"end":{"line":21,"column":null}},{"start":{"line":22,"column":6},"end":{"line":23,"column":null}},{"start":{"line":24,"column":6},"end":{"line":25,"column":null}},{"start":{"line":26,"column":6},"end":{"line":27,"column":null}}]}},"s":{"0":0,"1":0,"2":0,"3":0,"4":0,"5":0,"6":0,"7":0,"8":0,"9":0,"10":0,"11":0,"12":0,"13":0},"f":{"0":0,"1":0},"b":{"0":[0,0,0,0,0,0]}}
,"C:\\Users\\Ok\\Documents\\Engagebot\\src\\components\\dashboard\\Sidebar.tsx": {"path":"C:\\Users\\Ok\\Documents\\Engagebot\\src\\components\\dashboard\\Sidebar.tsx","statementMap":{"0":{"start":{"line":12,"column":16},"end":{"line":12,"column":24}},"1":{"start":{"line":4,"column":71},"end":{"line":4,"column":null}},"2":{"start":{"line":13,"column":20},"end":{"line":19,"column":null}},"3":{"start":{"line":29,"column":23},"end":{"line":29,"column":32}},"4":{"start":{"line":30,"column":10},"end":{"line":32,"column":null}},"5":{"start":{"line":33,"column":29},"end":{"line":33,"column":null}}},"fnMap":{"0":{"name":"Sidebar","decl":{"start":{"line":12,"column":16},"end":{"line":12,"column":24}},"loc":{"start":{"line":12,"column":75},"end":{"line":58,"column":null}}},"1":{"name":"(anonymous_2)","decl":{"start":{"line":28,"column":23},"end":{"line":28,"column":24}},"loc":{"start":{"line":28,"column":24},"end":{"line":44,"column":null}}},"2":{"name":"(anonymous_3)","decl":{"start":{"line":33,"column":23},"end":{"line":33,"column":29}},"loc":{"start":{"line":33,"column":29},"end":{"line":33,"column":null}}}},"branchMap":{"0":{"loc":{"start":{"line":35,"column":16},"end":{"line":37,"column":null}},"type":"cond-expr","locations":[{"start":{"line":36,"column":20},"end":{"line":36,"column":null}},{"start":{"line":37,"column":20},"end":{"line":37,"column":null}}]}},"s":{"0":0,"1":0,"2":0,"3":0,"4":0,"5":0},"f":{"0":0,"1":0,"2":0},"b":{"0":[0,0]}}
,"C:\\Users\\Ok\\Documents\\Engagebot\\src\\components\\dashboard\\SubscriptionManager.tsx": {"path":"C:\\Users\\Ok\\Documents\\Engagebot\\src\\components\\dashboard\\SubscriptionManager.tsx","statementMap":{"0":{"start":{"line":19,"column":16},"end":{"line":19,"column":36}},"1":{"start":{"line":3,"column":36},"end":{"line":3,"column":null}},"2":{"start":{"line":5,"column":24},"end":{"line":5,"column":null}},"3":{"start":{"line":6,"column":34},"end":{"line":6,"column":null}},"4":{"start":{"line":20,"column":44},"end":{"line":20,"column":null}},"5":{"start":{"line":21,"column":32},"end":{"line":21,"column":null}},"6":{"start":{"line":22,"column":19},"end":{"line":22,"column":null}},"7":{"start":{"line":24,"column":26},"end":{"line":63,"column":null}},"8":{"start":{"line":65,"column":26},"end":{"line":90,"column":null}},"9":{"start":{"line":66,"column":4},"end":{"line":66,"column":null}},"10":{"start":{"line":66,"column":15},"end":{"line":66,"column":null}},"11":{"start":{"line":68,"column":4},"end":{"line":68,"column":null}},"12":{"start":{"line":69,"column":4},"end":{"line":89,"column":null}},"13":{"start":{"line":70,"column":23},"end":{"line":78,"column":null}},"14":{"start":{"line":80,"column":6},"end":{"line":80,"column":null}},"15":{"start":{"line":80,"column":24},"end":{"line":80,"column":null}},"16":{"start":{"line":82,"column":19},"end":{"line":82,"column":null}},"17":{"start":{"line":83,"column":6},"end":{"line":83,"column":null}},"18":{"start":{"line":85,"column":6},"end":{"line":85,"column":null}},"19":{"start":{"line":86,"column":6},"end":{"line":86,"column":null}},"20":{"start":{"line":88,"column":6},"end":{"line":88,"column":null}},"21":{"start":{"line":101,"column":10},"end":{"line":102,"column":null}},"22":{"start":{"line":119,"column":16},"end":{"line":119,"column":32}},"23":{"start":{"line":127,"column":29},"end":{"line":127,"column":null}}},"fnMap":{"0":{"name":"SubscriptionManager","decl":{"start":{"line":19,"column":16},"end":{"line":19,"column":36}},"loc":{"start":{"line":19,"column":86},"end":{"line":154,"column":null}}},"1":{"name":"(anonymous_2)","decl":{"start":{"line":65,"column":26},"end":{"line":65,"column":33}},"loc":{"start":{"line":65,"column":33},"end":{"line":90,"column":null}}},"2":{"name":"(anonymous_3)","decl":{"start":{"line":100,"column":20},"end":{"line":100,"column":21}},"loc":{"start":{"line":101,"column":10},"end":{"line":102,"column":null}}},"3":{"name":"(anonymous_4)","decl":{"start":{"line":118,"column":34},"end":{"line":118,"column":35}},"loc":{"start":{"line":119,"column":16},"end":{"line":119,"column":32}}},"4":{"name":"(anonymous_5)","decl":{"start":{"line":127,"column":23},"end":{"line":127,"column":29}},"loc":{"start":{"line":127,"column":29},"end":{"line":127,"column":null}}}},"branchMap":{"0":{"loc":{"start":{"line":19,"column":38},"end":{"line":19,"column":58}},"type":"default-arg","locations":[{"start":{"line":19,"column":52},"end":{"line":19,"column":58}}]},"1":{"loc":{"start":{"line":66,"column":4},"end":{"line":66,"column":null}},"type":"if","locations":[{"start":{"line":66,"column":4},"end":{"line":66,"column":null}}]},"2":{"loc":{"start":{"line":80,"column":6},"end":{"line":80,"column":null}},"type":"if","locations":[{"start":{"line":80,"column":6},"end":{"line":80,"column":null}}]},"3":{"loc":{"start":{"line":104,"column":14},"end":{"line":106,"column":null}},"type":"cond-expr","locations":[{"start":{"line":105,"column":18},"end":{"line":105,"column":null}},{"start":{"line":106,"column":18},"end":{"line":106,"column":null}}]},"4":{"loc":{"start":{"line":128,"column":24},"end":{"line":128,"column":59}},"type":"binary-expr","locations":[{"start":{"line":128,"column":24},"end":{"line":128,"column":35}},{"start":{"line":128,"column":35},"end":{"line":128,"column":59}}]},"5":{"loc":{"start":{"line":130,"column":16},"end":{"line":132,"column":null}},"type":"cond-expr","locations":[{"start":{"line":131,"column":20},"end":{"line":131,"column":null}},{"start":{"line":132,"column":20},"end":{"line":132,"column":null}}]},"6":{"loc":{"start":{"line":135,"column":15},"end":{"line":135,"column":null}},"type":"cond-expr","locations":[{"start":{"line":135,"column":25},"end":{"line":135,"column":43}},{"start":{"line":135,"column":43},"end":{"line":135,"column":null}}]},"7":{"loc":{"start":{"line":135,"column":43},"end":{"line":135,"column":null}},"type":"cond-expr","locations":[{"start":{"line":135,"column":70},"end":{"line":135,"column":87}},{"start":{"line":135,"column":87},"end":{"line":135,"column":null}}]}},"s":{"0":0,"1":0,"2":0,"3":0,"4":0,"5":0,"6":0,"7":0,"8":0,"9":0,"10":0,"11":0,"12":0,"13":0,"14":0,"15":0,"16":0,"17":0,"18":0,"19":0,"20":0,"21":0,"22":0,"23":0},"f":{"0":0,"1":0,"2":0,"3":0,"4":0},"b":{"0":[0],"1":[0],"2":[0],"3":[0,0],"4":[0,0],"5":[0,0],"6":[0,0],"7":[0,0]}}
,"C:\\Users\\Ok\\Documents\\Engagebot\\src\\components\\dashboard\\tabs\\AccountsTab.tsx": {"path":"C:\\Users\\Ok\\Documents\\Engagebot\\src\\components\\dashboard\\tabs\\AccountsTab.tsx","statementMap":{"0":{"start":{"line":16,"column":16},"end":{"line":16,"column":null}},"1":{"start":{"line":3,"column":36},"end":{"line":3,"column":null}},"2":{"start":{"line":4,"column":25},"end":{"line":4,"column":null}},"3":{"start":{"line":5,"column":24},"end":{"line":5,"column":null}},"4":{"start":{"line":6,"column":67},"end":{"line":6,"column":null}},"5":{"start":{"line":17,"column":34},"end":{"line":17,"column":null}},"6":{"start":{"line":18,"column":32},"end":{"line":18,"column":null}},"7":{"start":{"line":19,"column":38},"end":{"line":19,"column":null}},"8":{"start":{"line":20,"column":19},"end":{"line":20,"column":null}},"9":{"start":{"line":22,"column":2},"end":{"line":24,"column":null}},"10":{"start":{"line":23,"column":4},"end":{"line":23,"column":null}},"11":{"start":{"line":26,"column":24},"end":{"line":43,"column":null}},"12":{"start":{"line":27,"column":4},"end":{"line":27,"column":null}},"13":{"start":{"line":27,"column":15},"end":{"line":27,"column":null}},"14":{"start":{"line":29,"column":4},"end":{"line":29,"column":null}},"15":{"start":{"line":30,"column":4},"end":{"line":42,"column":null}},"16":{"start":{"line":31,"column":30},"end":{"line":34,"column":null}},"17":{"start":{"line":36,"column":6},"end":{"line":36,"column":null}},"18":{"start":{"line":36,"column":17},"end":{"line":36,"column":null}},"19":{"start":{"line":37,"column":6},"end":{"line":37,"column":null}},"20":{"start":{"line":39,"column":6},"end":{"line":39,"column":null}},"21":{"start":{"line":41,"column":6},"end":{"line":41,"column":null}},"22":{"start":{"line":45,"column":27},"end":{"line":61,"column":null}},"23":{"start":{"line":46,"column":4},"end":{"line":46,"column":null}},"24":{"start":{"line":47,"column":4},"end":{"line":60,"column":null}},"25":{"start":{"line":48,"column":23},"end":{"line":50,"column":null}},"26":{"start":{"line":52,"column":6},"end":{"line":52,"column":null}},"27":{"start":{"line":52,"column":24},"end":{"line":52,"column":null}},"28":{"start":{"line":54,"column":19},"end":{"line":54,"column":null}},"29":{"start":{"line":55,"column":6},"end":{"line":55,"column":null}},"30":{"start":{"line":57,"column":6},"end":{"line":57,"column":null}},"31":{"start":{"line":59,"column":6},"end":{"line":59,"column":null}},"32":{"start":{"line":63,"column":24},"end":{"line":79,"column":null}},"33":{"start":{"line":64,"column":4},"end":{"line":64,"column":null}},"34":{"start":{"line":65,"column":4},"end":{"line":78,"column":null}},"35":{"start":{"line":66,"column":23},"end":{"line":68,"column":null}},"36":{"start":{"line":70,"column":6},"end":{"line":70,"column":null}},"37":{"start":{"line":70,"column":24},"end":{"line":70,"column":null}},"38":{"start":{"line":72,"column":19},"end":{"line":72,"column":null}},"39":{"start":{"line":73,"column":6},"end":{"line":73,"column":null}},"40":{"start":{"line":75,"column":6},"end":{"line":75,"column":null}},"41":{"start":{"line":77,"column":6},"end":{"line":77,"column":null}},"42":{"start":{"line":81,"column":28},"end":{"line":93,"column":null}},"43":{"start":{"line":82,"column":4},"end":{"line":92,"column":null}},"44":{"start":{"line":83,"column":23},"end":{"line":85,"column":null}},"45":{"start":{"line":87,"column":6},"end":{"line":87,"column":null}},"46":{"start":{"line":87,"column":24},"end":{"line":87,"column":null}},"47":{"start":{"line":89,"column":6},"end":{"line":89,"column":null}},"48":{"start":{"line":89,"column":45},"end":{"line":89,"column":null}},"49":{"start":{"line":91,"column":6},"end":{"line":91,"column":null}},"50":{"start":{"line":95,"column":26},"end":{"line":101,"column":null}},"51":{"start":{"line":103,"column":2},"end":{"line":109,"column":null}},"52":{"start":{"line":122,"column":30},"end":{"line":122,"column":null}},"53":{"start":{"line":126,"column":39},"end":{"line":126,"column":68}},"54":{"start":{"line":129,"column":60},"end":{"line":129,"column":89}},"55":{"start":{"line":133,"column":31},"end":{"line":133,"column":null}},"56":{"start":{"line":133,"column":68},"end":{"line":133,"column":97}},"57":{"start":{"line":159,"column":30},"end":{"line":159,"column":null}},"58":{"start":{"line":163,"column":39},"end":{"line":163,"column":65}},"59":{"start":{"line":166,"column":60},"end":{"line":166,"column":86}},"60":{"start":{"line":170,"column":31},"end":{"line":170,"column":null}},"61":{"start":{"line":170,"column":68},"end":{"line":170,"column":94}}},"fnMap":{"0":{"name":"AccountsTab","decl":{"start":{"line":16,"column":16},"end":{"line":16,"column":null}},"loc":{"start":{"line":16,"column":16},"end":{"line":197,"column":null}}},"1":{"name":"(anonymous_2)","decl":{"start":{"line":22,"column":12},"end":{"line":22,"column":null}},"loc":{"start":{"line":22,"column":12},"end":{"line":24,"column":5}}},"2":{"name":"(anonymous_3)","decl":{"start":{"line":26,"column":24},"end":{"line":26,"column":null}},"loc":{"start":{"line":26,"column":24},"end":{"line":43,"column":null}}},"3":{"name":"(anonymous_4)","decl":{"start":{"line":45,"column":27},"end":{"line":45,"column":null}},"loc":{"start":{"line":45,"column":27},"end":{"line":61,"column":null}}},"4":{"name":"(anonymous_5)","decl":{"start":{"line":63,"column":24},"end":{"line":63,"column":null}},"loc":{"start":{"line":63,"column":24},"end":{"line":79,"column":null}}},"5":{"name":"(anonymous_6)","decl":{"start":{"line":81,"column":28},"end":{"line":81,"column":35}},"loc":{"start":{"line":81,"column":35},"end":{"line":93,"column":null}}},"6":{"name":"(anonymous_7)","decl":{"start":{"line":89,"column":34},"end":{"line":89,"column":45}},"loc":{"start":{"line":89,"column":45},"end":{"line":89,"column":null}}},"7":{"name":"(anonymous_8)","decl":{"start":{"line":95,"column":26},"end":{"line":95,"column":27}},"loc":{"start":{"line":95,"column":27},"end":{"line":101,"column":null}}},"8":{"name":"(anonymous_9)","decl":{"start":{"line":122,"column":25},"end":{"line":122,"column":30}},"loc":{"start":{"line":122,"column":30},"end":{"line":122,"column":null}}},"9":{"name":"(anonymous_10)","decl":{"start":{"line":126,"column":34},"end":{"line":126,"column":39}},"loc":{"start":{"line":126,"column":39},"end":{"line":126,"column":68}}},"10":{"name":"(anonymous_11)","decl":{"start":{"line":129,"column":55},"end":{"line":129,"column":60}},"loc":{"start":{"line":129,"column":60},"end":{"line":129,"column":89}}},"11":{"name":"(anonymous_12)","decl":{"start":{"line":133,"column":25},"end":{"line":133,"column":31}},"loc":{"start":{"line":133,"column":31},"end":{"line":133,"column":null}}},"12":{"name":"(anonymous_13)","decl":{"start":{"line":133,"column":63},"end":{"line":133,"column":68}},"loc":{"start":{"line":133,"column":68},"end":{"line":133,"column":97}}},"13":{"name":"(anonymous_14)","decl":{"start":{"line":159,"column":25},"end":{"line":159,"column":30}},"loc":{"start":{"line":159,"column":30},"end":{"line":159,"column":null}}},"14":{"name":"(anonymous_15)","decl":{"start":{"line":163,"column":34},"end":{"line":163,"column":39}},"loc":{"start":{"line":163,"column":39},"end":{"line":163,"column":65}}},"15":{"name":"(anonymous_16)","decl":{"start":{"line":166,"column":55},"end":{"line":166,"column":60}},"loc":{"start":{"line":166,"column":60},"end":{"line":166,"column":86}}},"16":{"name":"(anonymous_17)","decl":{"start":{"line":170,"column":25},"end":{"line":170,"column":31}},"loc":{"start":{"line":170,"column":31},"end":{"line":170,"column":null}}},"17":{"name":"(anonymous_18)","decl":{"start":{"line":170,"column":63},"end":{"line":170,"column":68}},"loc":{"start":{"line":170,"column":68},"end":{"line":170,"column":94}}}},"branchMap":{"0":{"loc":{"start":{"line":27,"column":4},"end":{"line":27,"column":null}},"type":"if","locations":[{"start":{"line":27,"column":4},"end":{"line":27,"column":null}}]},"1":{"loc":{"start":{"line":36,"column":6},"end":{"line":36,"column":null}},"type":"if","locations":[{"start":{"line":36,"column":6},"end":{"line":36,"column":null}}]},"2":{"loc":{"start":{"line":37,"column":18},"end":{"line":37,"column":28}},"type":"binary-expr","locations":[{"start":{"line":37,"column":18},"end":{"line":37,"column":26}},{"start":{"line":37,"column":26},"end":{"line":37,"column":28}}]},"3":{"loc":{"start":{"line":52,"column":6},"end":{"line":52,"column":null}},"type":"if","locations":[{"start":{"line":52,"column":6},"end":{"line":52,"column":null}}]},"4":{"loc":{"start":{"line":70,"column":6},"end":{"line":70,"column":null}},"type":"if","locations":[{"start":{"line":70,"column":6},"end":{"line":70,"column":null}}]},"5":{"loc":{"start":{"line":87,"column":6},"end":{"line":87,"column":null}},"type":"if","locations":[{"start":{"line":87,"column":6},"end":{"line":87,"column":null}}]},"6":{"loc":{"start":{"line":97,"column":6},"end":{"line":99,"column":7}},"type":"cond-expr","locations":[{"start":{"line":97,"column":6},"end":{"line":99,"column":7}}]},"7":{"loc":{"start":{"line":103,"column":2},"end":{"line":109,"column":null}},"type":"if","locations":[{"start":{"line":103,"column":2},"end":{"line":109,"column":null}}]},"8":{"loc":{"start":{"line":123,"column":12},"end":{"line":140,"column":13}},"type":"cond-expr","locations":[{"start":{"line":123,"column":12},"end":{"line":140,"column":13}}]},"9":{"loc":{"start":{"line":129,"column":41},"end":{"line":129,"column":109}},"type":"binary-expr","locations":[{"start":{"line":129,"column":41},"end":{"line":129,"column":105}},{"start":{"line":129,"column":105},"end":{"line":129,"column":109}}]},"10":{"loc":{"start":{"line":133,"column":49},"end":{"line":133,"column":null}},"type":"binary-expr","locations":[{"start":{"line":133,"column":49},"end":{"line":133,"column":103}},{"start":{"line":133,"column":103},"end":{"line":133,"column":null}}]},"11":{"loc":{"start":{"line":146,"column":15},"end":{"line":146,"column":null}},"type":"cond-expr","locations":[{"start":{"line":146,"column":44},"end":{"line":146,"column":62}},{"start":{"line":146,"column":62},"end":{"line":146,"column":null}}]},"12":{"loc":{"start":{"line":160,"column":12},"end":{"line":177,"column":13}},"type":"cond-expr","locations":[{"start":{"line":160,"column":12},"end":{"line":177,"column":13}}]},"13":{"loc":{"start":{"line":166,"column":41},"end":{"line":166,"column":106}},"type":"binary-expr","locations":[{"start":{"line":166,"column":41},"end":{"line":166,"column":102}},{"start":{"line":166,"column":102},"end":{"line":166,"column":106}}]},"14":{"loc":{"start":{"line":170,"column":49},"end":{"line":170,"column":null}},"type":"binary-expr","locations":[{"start":{"line":170,"column":49},"end":{"line":170,"column":100}},{"start":{"line":170,"column":100},"end":{"line":170,"column":null}}]},"15":{"loc":{"start":{"line":183,"column":15},"end":{"line":183,"column":null}},"type":"cond-expr","locations":[{"start":{"line":183,"column":41},"end":{"line":183,"column":59}},{"start":{"line":183,"column":59},"end":{"line":183,"column":null}}]},"16":{"loc":{"start":{"line":189,"column":7},"end":{"line":189,"column":null}},"type":"binary-expr","locations":[{"start":{"line":189,"column":7},"end":{"line":189,"column":null}}]}},"s":{"0":0,"1":0,"2":0,"3":0,"4":0,"5":0,"6":0,"7":0,"8":0,"9":0,"10":0,"11":0,"12":0,"13":0,"14":0,"15":0,"16":0,"17":0,"18":0,"19":0,"20":0,"21":0,"22":0,"23":0,"24":0,"25":0,"26":0,"27":0,"28":0,"29":0,"30":0,"31":0,"32":0,"33":0,"34":0,"35":0,"36":0,"37":0,"38":0,"39":0,"40":0,"41":0,"42":0,"43":0,"44":0,"45":0,"46":0,"47":0,"48":0,"49":0,"50":0,"51":0,"52":0,"53":0,"54":0,"55":0,"56":0,"57":0,"58":0,"59":0,"60":0,"61":0},"f":{"0":0,"1":0,"2":0,"3":0,"4":0,"5":0,"6":0,"7":0,"8":0,"9":0,"10":0,"11":0,"12":0,"13":0,"14":0,"15":0,"16":0,"17":0},"b":{"0":[0],"1":[0],"2":[0,0],"3":[0],"4":[0],"5":[0],"6":[0],"7":[0],"8":[0],"9":[0,0],"10":[0,0],"11":[0,0],"12":[0],"13":[0,0],"14":[0,0],"15":[0,0],"16":[0]}}
,"C:\\Users\\Ok\\Documents\\Engagebot\\src\\components\\dashboard\\tabs\\AnalyticsTab.tsx": {"path":"C:\\Users\\Ok\\Documents\\Engagebot\\src\\components\\dashboard\\tabs\\AnalyticsTab.tsx","statementMap":{"0":{"start":{"line":8,"column":16},"end":{"line":8,"column":null}},"1":{"start":{"line":3,"column":36},"end":{"line":3,"column":null}},"2":{"start":{"line":4,"column":25},"end":{"line":4,"column":null}},"3":{"start":{"line":5,"column":24},"end":{"line":5,"column":null}},"4":{"start":{"line":6,"column":52},"end":{"line":6,"column":null}},"5":{"start":{"line":9,"column":32},"end":{"line":9,"column":null}},"6":{"start":{"line":10,"column":28},"end":{"line":15,"column":null}},"7":{"start":{"line":16,"column":19},"end":{"line":16,"column":null}},"8":{"start":{"line":18,"column":2},"end":{"line":20,"column":null}},"9":{"start":{"line":19,"column":4},"end":{"line":19,"column":null}},"10":{"start":{"line":22,"column":21},"end":{"line":44,"column":null}},"11":{"start":{"line":23,"column":4},"end":{"line":23,"column":null}},"12":{"start":{"line":23,"column":15},"end":{"line":23,"column":null}},"13":{"start":{"line":25,"column":4},"end":{"line":25,"column":null}},"14":{"start":{"line":26,"column":4},"end":{"line":43,"column":null}},"15":{"start":{"line":27,"column":51},"end":{"line":31,"column":null}},"16":{"start":{"line":33,"column":6},"end":{"line":38,"column":null}},"17":{"start":{"line":40,"column":6},"end":{"line":40,"column":null}},"18":{"start":{"line":42,"column":6},"end":{"line":42,"column":null}},"19":{"start":{"line":46,"column":2},"end":{"line":52,"column":null}}},"fnMap":{"0":{"name":"AnalyticsTab","decl":{"start":{"line":8,"column":16},"end":{"line":8,"column":null}},"loc":{"start":{"line":8,"column":16},"end":{"line":144,"column":null}}},"1":{"name":"(anonymous_2)","decl":{"start":{"line":18,"column":12},"end":{"line":18,"column":null}},"loc":{"start":{"line":18,"column":12},"end":{"line":20,"column":5}}},"2":{"name":"(anonymous_3)","decl":{"start":{"line":22,"column":21},"end":{"line":22,"column":null}},"loc":{"start":{"line":22,"column":21},"end":{"line":44,"column":null}}}},"branchMap":{"0":{"loc":{"start":{"line":23,"column":4},"end":{"line":23,"column":null}},"type":"if","locations":[{"start":{"line":23,"column":4},"end":{"line":23,"column":null}}]},"1":{"loc":{"start":{"line":34,"column":23},"end":{"line":34,"column":null}},"type":"binary-expr","locations":[{"start":{"line":34,"column":23},"end":{"line":34,"column":51}},{"start":{"line":34,"column":51},"end":{"line":34,"column":null}}]},"2":{"loc":{"start":{"line":35,"column":27},"end":{"line":35,"column":null}},"type":"binary-expr","locations":[{"start":{"line":35,"column":27},"end":{"line":35,"column":56}},{"start":{"line":35,"column":56},"end":{"line":35,"column":null}}]},"3":{"loc":{"start":{"line":36,"column":27},"end":{"line":36,"column":null}},"type":"binary-expr","locations":[{"start":{"line":36,"column":27},"end":{"line":36,"column":56}},{"start":{"line":36,"column":56},"end":{"line":36,"column":null}}]},"4":{"loc":{"start":{"line":37,"column":22},"end":{"line":37,"column":null}},"type":"binary-expr","locations":[{"start":{"line":37,"column":22},"end":{"line":37,"column":46}},{"start":{"line":37,"column":46},"end":{"line":37,"column":null}}]},"5":{"loc":{"start":{"line":46,"column":2},"end":{"line":52,"column":null}},"type":"if","locations":[{"start":{"line":46,"column":2},"end":{"line":52,"column":null}}]},"6":{"loc":{"start":{"line":103,"column":17},"end":{"line":105,"column":22}},"type":"cond-expr","locations":[{"start":{"line":104,"column":20},"end":{"line":104,"column":null}},{"start":{"line":105,"column":20},"end":{"line":105,"column":22}}]},"7":{"loc":{"start":{"line":112,"column":28},"end":{"line":114,"column":24}},"type":"cond-expr","locations":[{"start":{"line":113,"column":22},"end":{"line":113,"column":null}},{"start":{"line":114,"column":22},"end":{"line":114,"column":24}}]},"8":{"loc":{"start":{"line":124,"column":17},"end":{"line":126,"column":22}},"type":"cond-expr","locations":[{"start":{"line":125,"column":20},"end":{"line":125,"column":null}},{"start":{"line":126,"column":20},"end":{"line":126,"column":22}}]},"9":{"loc":{"start":{"line":133,"column":28},"end":{"line":135,"column":24}},"type":"cond-expr","locations":[{"start":{"line":134,"column":22},"end":{"line":134,"column":null}},{"start":{"line":135,"column":22},"end":{"line":135,"column":24}}]}},"s":{"0":0,"1":0,"2":0,"3":0,"4":0,"5":0,"6":0,"7":0,"8":0,"9":0,"10":0,"11":0,"12":0,"13":0,"14":0,"15":0,"16":0,"17":0,"18":0,"19":0},"f":{"0":0,"1":0,"2":0},"b":{"0":[0],"1":[0,0],"2":[0,0],"3":[0,0],"4":[0,0],"5":[0],"6":[0,0],"7":[0,0],"8":[0,0],"9":[0,0]}}
,"C:\\Users\\Ok\\Documents\\Engagebot\\src\\components\\dashboard\\tabs\\AutomationTab.tsx": {"path":"C:\\Users\\Ok\\Documents\\Engagebot\\src\\components\\dashboard\\tabs\\AutomationTab.tsx","statementMap":{"0":{"start":{"line":18,"column":16},"end":{"line":18,"column":null}},"1":{"start":{"line":3,"column":36},"end":{"line":3,"column":null}},"2":{"start":{"line":4,"column":25},"end":{"line":4,"column":null}},"3":{"start":{"line":5,"column":24},"end":{"line":5,"column":null}},"4":{"start":{"line":6,"column":37},"end":{"line":6,"column":null}},"5":{"start":{"line":19,"column":34},"end":{"line":24,"column":null}},"6":{"start":{"line":25,"column":32},"end":{"line":25,"column":null}},"7":{"start":{"line":26,"column":30},"end":{"line":26,"column":null}},"8":{"start":{"line":27,"column":19},"end":{"line":27,"column":null}},"9":{"start":{"line":29,"column":2},"end":{"line":31,"column":null}},"10":{"start":{"line":30,"column":4},"end":{"line":30,"column":null}},"11":{"start":{"line":33,"column":24},"end":{"line":54,"column":null}},"12":{"start":{"line":34,"column":4},"end":{"line":34,"column":null}},"13":{"start":{"line":34,"column":15},"end":{"line":34,"column":null}},"14":{"start":{"line":36,"column":4},"end":{"line":36,"column":null}},"15":{"start":{"line":37,"column":4},"end":{"line":53,"column":null}},"16":{"start":{"line":38,"column":30},"end":{"line":42,"column":null}},"17":{"start":{"line":44,"column":6},"end":{"line":44,"column":null}},"18":{"start":{"line":44,"column":46},"end":{"line":44,"column":null}},"19":{"start":{"line":46,"column":6},"end":{"line":48,"column":null}},"20":{"start":{"line":47,"column":8},"end":{"line":47,"column":null}},"21":{"start":{"line":50,"column":6},"end":{"line":50,"column":null}},"22":{"start":{"line":52,"column":6},"end":{"line":52,"column":null}},"23":{"start":{"line":56,"column":23},"end":{"line":80,"column":null}},"24":{"start":{"line":57,"column":4},"end":{"line":57,"column":null}},"25":{"start":{"line":57,"column":15},"end":{"line":57,"column":null}},"26":{"start":{"line":59,"column":4},"end":{"line":59,"column":null}},"27":{"start":{"line":60,"column":4},"end":{"line":79,"column":null}},"28":{"start":{"line":61,"column":24},"end":{"line":69,"column":null}},"29":{"start":{"line":71,"column":6},"end":{"line":71,"column":null}},"30":{"start":{"line":71,"column":17},"end":{"line":71,"column":null}},"31":{"start":{"line":73,"column":6},"end":{"line":73,"column":null}},"32":{"start":{"line":75,"column":6},"end":{"line":75,"column":null}},"33":{"start":{"line":76,"column":6},"end":{"line":76,"column":null}},"34":{"start":{"line":78,"column":6},"end":{"line":78,"column":null}},"35":{"start":{"line":82,"column":2},"end":{"line":88,"column":null}},"36":{"start":{"line":108,"column":33},"end":{"line":108,"column":null}},"37":{"start":{"line":122,"column":33},"end":{"line":122,"column":null}},"38":{"start":{"line":151,"column":33},"end":{"line":151,"column":null}},"39":{"start":{"line":165,"column":33},"end":{"line":165,"column":null}}},"fnMap":{"0":{"name":"AutomationTab","decl":{"start":{"line":18,"column":16},"end":{"line":18,"column":null}},"loc":{"start":{"line":18,"column":16},"end":{"line":194,"column":null}}},"1":{"name":"(anonymous_2)","decl":{"start":{"line":29,"column":12},"end":{"line":29,"column":null}},"loc":{"start":{"line":29,"column":12},"end":{"line":31,"column":5}}},"2":{"name":"(anonymous_3)","decl":{"start":{"line":33,"column":24},"end":{"line":33,"column":null}},"loc":{"start":{"line":33,"column":24},"end":{"line":54,"column":null}}},"3":{"name":"(anonymous_4)","decl":{"start":{"line":56,"column":23},"end":{"line":56,"column":null}},"loc":{"start":{"line":56,"column":23},"end":{"line":80,"column":null}}},"4":{"name":"(anonymous_5)","decl":{"start":{"line":108,"column":26},"end":{"line":108,"column":27}},"loc":{"start":{"line":108,"column":33},"end":{"line":108,"column":null}}},"5":{"name":"(anonymous_6)","decl":{"start":{"line":122,"column":26},"end":{"line":122,"column":27}},"loc":{"start":{"line":122,"column":33},"end":{"line":122,"column":null}}},"6":{"name":"(anonymous_7)","decl":{"start":{"line":151,"column":26},"end":{"line":151,"column":27}},"loc":{"start":{"line":151,"column":33},"end":{"line":151,"column":null}}},"7":{"name":"(anonymous_8)","decl":{"start":{"line":165,"column":26},"end":{"line":165,"column":27}},"loc":{"start":{"line":165,"column":33},"end":{"line":165,"column":null}}}},"branchMap":{"0":{"loc":{"start":{"line":34,"column":4},"end":{"line":34,"column":null}},"type":"if","locations":[{"start":{"line":34,"column":4},"end":{"line":34,"column":null}}]},"1":{"loc":{"start":{"line":44,"column":6},"end":{"line":44,"column":null}},"type":"if","locations":[{"start":{"line":44,"column":6},"end":{"line":44,"column":null}}]},"2":{"loc":{"start":{"line":44,"column":10},"end":{"line":44,"column":46}},"type":"binary-expr","locations":[{"start":{"line":44,"column":10},"end":{"line":44,"column":19}},{"start":{"line":44,"column":19},"end":{"line":44,"column":46}}]},"3":{"loc":{"start":{"line":46,"column":6},"end":{"line":48,"column":null}},"type":"if","locations":[{"start":{"line":46,"column":6},"end":{"line":48,"column":null}}]},"4":{"loc":{"start":{"line":57,"column":4},"end":{"line":57,"column":null}},"type":"if","locations":[{"start":{"line":57,"column":4},"end":{"line":57,"column":null}}]},"5":{"loc":{"start":{"line":71,"column":6},"end":{"line":71,"column":null}},"type":"if","locations":[{"start":{"line":71,"column":6},"end":{"line":71,"column":null}}]},"6":{"loc":{"start":{"line":82,"column":2},"end":{"line":88,"column":null}},"type":"if","locations":[{"start":{"line":82,"column":2},"end":{"line":88,"column":null}}]},"7":{"loc":{"start":{"line":115,"column":11},"end":{"line":115,"column":38}},"type":"binary-expr","locations":[{"start":{"line":115,"column":11},"end":{"line":115,"column":38}}]},"8":{"loc":{"start":{"line":158,"column":11},"end":{"line":158,"column":41}},"type":"binary-expr","locations":[{"start":{"line":158,"column":11},"end":{"line":158,"column":41}}]},"9":{"loc":{"start":{"line":190,"column":9},"end":{"line":190,"column":null}},"type":"cond-expr","locations":[{"start":{"line":190,"column":18},"end":{"line":190,"column":32}},{"start":{"line":190,"column":32},"end":{"line":190,"column":null}}]}},"s":{"0":0,"1":0,"2":0,"3":0,"4":0,"5":0,"6":0,"7":0,"8":0,"9":0,"10":0,"11":0,"12":0,"13":0,"14":0,"15":0,"16":0,"17":0,"18":0,"19":0,"20":0,"21":0,"22":0,"23":0,"24":0,"25":0,"26":0,"27":0,"28":0,"29":0,"30":0,"31":0,"32":0,"33":0,"34":0,"35":0,"36":0,"37":0,"38":0,"39":0},"f":{"0":0,"1":0,"2":0,"3":
[...]
}},"4":{"start":{"line":6,"column":24},"end":{"line":6,"column":null}},"5":{"start":{"line":20,"column":34},"end":{"line":20,"column":null}},"6":{"start":{"line":21,"column":32},"end":{"line":21,"column":null}},"7":{"start":{"line":22,"column":30},"end":{"line":22,"column":null}},"8":{"start":{"line":23,"column":19},"end":{"line":23,"column":null}},"9":{"start":{"line":25,"column":2},"end":{"line":27,"column":null}},"10":{"start":{"line":26,"column":4},"end":{"line":26,"column":null}},"11":{"start":{"line":29,"column":24},"end":{"line":53,"column":null}},"12":{"start":{"line":30,"column":4},"end":{"line":30,"column":null}},"13":{"start":{"line":30,"column":15},"end":{"line":30,"column":null}},"14":{"start":{"line":32,"column":4},"end":{"line":32,"column":null}},"15":{"start":{"line":33,"column":4},"end":{"line":52,"column":null}},"16":{"start":{"line":34,"column":18},"end":{"line":38,"column":null}},"17":{"start":{"line":40,"column":6},"end":{"line":42,"column":null}},"18":{"start":{"line":41,"column":8},"end":{"line":41,"column":null}},"19":{"start":{"line":44,"column":30},"end":{"line":44,"column":null}},"20":{"start":{"line":46,"column":6},"end":{"line":46,"column":null}},"21":{"start":{"line":46,"column":17},"end":{"line":46,"column":null}},"22":{"start":{"line":47,"column":6},"end":{"line":47,"column":null}},"23":{"start":{"line":49,"column":6},"end":{"line":49,"column":null}},"24":{"start":{"line":51,"column":6},"end":{"line":51,"column":null}},"25":{"start":{"line":55,"column":34},"end":{"line":61,"column":null}},"26":{"start":{"line":56,"column":4},"end":{"line":59,"column":null}},"27":{"start":{"line":57,"column":6},"end":{"line":59,"column":null}},"28":{"start":{"line":63,"column":2},"end":{"line":69,"column":null}},"29":{"start":{"line":75,"column":25},"end":{"line":75,"column":null}},"30":{"start":{"line":85,"column":25},"end":{"line":85,"column":null}},"31":{"start":{"line":95,"column":25},"end":{"line":95,"column":null}},"32":{"start":{"line":113,"column":12},"end":{"line":114,"column":null}}},"fnMap":{"0":{"name":"CommentsTab","decl":{"start":{"line":19,"column":16},"end":{"line":19,"column":null}},"loc":{"start":{"line":19,"column":16},"end":{"line":123,"column":null}}},"1":{"name":"(anonymous_3)","decl":{"start":{"line":25,"column":12},"end":{"line":25,"column":null}},"loc":{"start":{"line":25,"column":12},"end":{"line":27,"column":5}}},"2":{"name":"(anonymous_4)","decl":{"start":{"line":29,"column":24},"end":{"line":29,"column":null}},"loc":{"start":{"line":29,"column":24},"end":{"line":53,"column":null}}},"3":{"name":"(anonymous_5)","decl":{"start":{"line":55,"column":34},"end":{"line":55,"column":35}},"loc":{"start":{"line":55,"column":35},"end":{"line":61,"column":null}}},"4":{"name":"(anonymous_6)","decl":{"start":{"line":56,"column":29},"end":{"line":56,"column":null}},"loc":{"start":{"line":57,"column":6},"end":{"line":59,"column":null}}},"5":{"name":"(anonymous_7)","decl":{"start":{"line":75,"column":19},"end":{"line":75,"column":25}},"loc":{"start":{"line":75,"column":25},"end":{"line":75,"column":null}}},"6":{"name":"(anonymous_8)","decl":{"start":{"line":85,"column":19},"end":{"line":85,"column":25}},"loc":{"start":{"line":85,"column":25},"end":{"line":85,"column":null}}},"7":{"name":"(anonymous_9)","decl":{"start":{"line":95,"column":19},"end":{"line":95,"column":25}},"loc":{"start":{"line":95,"column":25},"end":{"line":95,"column":null}}},"8":{"name":"(anonymous_10)","decl":{"start":{"line":112,"column":24},"end":{"line":112,"column":25}},"loc":{"start":{"line":113,"column":12},"end":{"line":114,"column":null}}}},"branchMap":{"0":{"loc":{"start":{"line":30,"column":4},"end":{"line":30,"column":null}},"type":"if","locations":[{"start":{"line":30,"column":4},"end":{"line":30,"column":null}}]},"1":{"loc":{"start":{"line":40,"column":6},"end":{"line":42,"column":null}},"type":"if","locations":[{"start":{"line":40,"column":6},"end":{"line":42,"column":null}}]},"2":{"loc":{"start":{"line":46,"column":6},"end":{"line":46,"column":null}},"type":"if","locations":[{"start":{"line":46,"column":6},"end":{"line":46,"column":null}}]},"3":{"loc":{"start":{"line":47,"column":18},"end":{"line":47,"column":28}},"type":"binary-expr","locations":[{"start":{"line":47,"column":18},"end":{"line":47,"column":26}},{"start":{"line":47,"column":26},"end":{"line":47,"column":28}}]},"4":{"loc":{"start":{"line":57,"column":6},"end":{"line":59,"column":null}},"type":"cond-expr","locations":[{"start":{"line":58,"column":10},"end":{"line":58,"column":null}},{"start":{"line":59,"column":10},"end":{"line":59,"column":null}}]},"5":{"loc":{"start":{"line":63,"column":2},"end":{"line":69,"column":null}},"type":"if","locations":[{"start":{"line":63,"column":2},"end":{"line":69,"column":null}}]},"6":{"loc":{"start":{"line":77,"column":12},"end":{"line":79,"column":null}},"type":"cond-expr","locations":[{"start":{"line":78,"column":16},"end":{"line":78,"column":null}},{"start":{"line":79,"column":16},"end":{"line":79,"column":null}}]},"7":{"loc":{"start":{"line":87,"column":12},"end":{"line":89,"column":null}},"type":"cond-expr","locations":[{"start":{"line":88,"column":16},"end":{"line":88,"column":null}},{"start":{"line":89,"column":16},"end":{"line":89,"column":null}}]},"8":{"loc":{"start":{"line":97,"column":12},"end":{"line":99,"column":null}},"type":"cond-expr","locations":[{"start":{"line":98,"column":16},"end":{"line":98,"column":null}},{"start":{"line":99,"column":16},"end":{"line":99,"column":null}}]},"9":{"loc":{"start":{"line":107,"column":8},"end":{"line":111,"column":9}},"type":"cond-expr","locations":[{"start":{"line":107,"column":8},"end":{"line":111,"column":9}}]}},"s":{"0":0,"1":0,"2":0,"3":0,"4":0,"5":0,"6":0,"7":0,"8":0,"9":0,"10":0,"11":0,"12":0,"13":0,"14":0,"15":0,"16":0,"17":0,"18":0,"19":0,"20":0,"21":0,"22":0,"23":0,"24":0,"25":0,"26":0,"27":0,"28":0,"29":0,"30":0,"31":0,"32":0},"f":{"0":0,"1":0,"2":0,"3":0,"4":0,"5":0,"6":0,"7":0,"8":0},"b":{"0":[0],"1":[0],"2":[0],"3":[0,0],"4":[0,0],"5":[0],"6":[0,0],"7":[0,0],"8":[0,0],"9":[0]}}
,"C:\\Users\\Ok\\Documents\\Engagebot\\src\\components\\dashboard\\tabs\\ToneTab.tsx": {"path":"C:\\Users\\Ok\\Documents\\Engagebot\\src\\components\\dashboard\\tabs\\ToneTab.tsx","statementMap":{"0":{"start":{"line":18,"column":16},"end":{"line":18,"column":null}},"1":{"start":{"line":3,"column":36},"end":{"line":3,"column":null}},"2":{"start":{"line":4,"column":25},"end":{"line":4,"column":null}},"3":{"start":{"line":5,"column":24},"end":{"line":5,"column":null}},"4":{"start":{"line":6,"column":31},"end":{"line":6,"column":null}},"5":{"start":{"line":19,"column":40},"end":{"line":24,"column":null}},"6":{"start":{"line":25,"column":32},"end":{"line":25,"column":null}},"7":{"start":{"line":26,"column":30},"end":{"line":26,"column":null}},"8":{"start":{"line":27,"column":19},"end":{"line":27,"column":null}},"9":{"start":{"line":29,"column":2},"end":{"line":31,"column":null}},"10":{"start":{"line":30,"column":4},"end":{"line":30,"column":null}},"11":{"start":{"line":33,"column":27},"end":{"line":54,"column":null}},"12":{"start":{"line":34,"column":4},"end":{"line":34,"column":null}},"13":{"start":{"line":34,"column":15},"end":{"line":34,"column":null}},"14":{"start":{"line":36,"column":4},"end":{"line":36,"column":null}},"15":{"start":{"line":37,"column":4},"end":{"line":53,"column":null}},"16":{"start":{"line":38,"column":30},"end":{"line":42,"column":null}},"17":{"start":{"line":44,"column":6},"end":{"line":44,"column":null}},"18":{"start":{"line":44,"column":46},"end":{"line":44,"column":null}},"19":{"start":{"line":46,"column":6},"end":{"line":48,"column":null}},"20":{"start":{"line":47,"column":8},"end":{"line":47,"column":null}},"21":{"start":{"line":50,"column":6},"end":{"line":50,"column":null}},"22":{"start":{"line":52,"column":6},"end":{"line":52,"column":null}},"23":{"start":{"line":56,"column":26},"end":{"line":80,"column":null}},"24":{"start":{"line":57,"column":4},"end":{"line":57,"column":null}},"25":{"start":{"line":57,"column":15},"end":{"line":57,"column":null}},"26":{"start":{"line":59,"column":4},"end":{"line":59,"column":null}},"27":{"start":{"line":60,"column":4},"end":{"line":79,"column":null}},"28":{"start":{"line":61,"column":24},"end":{"line":69,"column":null}},"29":{"start":{"line":71,"column":6},"end":{"line":71,"column":null}},"30":{"start":{"line":71,"column":17},"end":{"line":71,"column":null}},"31":{"start":{"line":73,"column":6},"end":{"line":73,"column":null}},"32":{"start":{"line":75,"column":6},"end":{"line":75,"column":null}},"33":{"start":{"line":76,"column":6},"end":{"line":76,"column":null}},"34":{"start":{"line":78,"column":6},"end":{"line":78,"column":null}},"35":{"start":{"line":82,"column":2},"end":{"line":88,"column":null}},"36":{"start":{"line":105,"column":31},"end":{"line":105,"column":null}},"37":{"start":{"line":124,"column":31},"end":{"line":124,"column":null}},"38":{"start":{"line":142,"column":31},"end":{"line":142,"column":null}},"39":{"start":{"line":157,"column":31},"end":{"line":157,"column":null}}},"fnMap":{"0":{"name":"ToneTab","decl":{"start":{"line":18,"column":16},"end":{"line":18,"column":null}},"loc":{"start":{"line":18,"column":16},"end":{"line":188,"column":null}}},"1":{"name":"(anonymous_2)","decl":{"start":{"line":29,"column":12},"end":{"line":29,"column":null}},"loc":{"start":{"line":29,"column":12},"end":{"line":31,"column":5}}},"2":{"name":"(anonymous_3)","decl":{"start":{"line":33,"column":27},"end":{"line":33,"column":null}},"loc":{"start":{"line":33,"column":27},"end":{"line":54,"column":null}}},"3":{"name":"(anonymous_4)","decl":{"start":{"line":56,"column":26},"end":{"line":56,"column":null}},"loc":{"start":{"line":56,"column":26},"end":{"line":80,"column":null}}},"4":{"name":"(anonymous_5)","decl":{"start":{"line":105,"column":24},"end":{"line":105,"column":25}},"loc":{"start":{"line":105,"column":31},"end":{"line":105,"column":null}}},"5":{"name":"(anonymous_6)","decl":{"start":{"line":124,"column":24},"end":{"line":124,"column":25}},"loc":{"start":{"line":124,"column":31},"end":{"line":124,"column":null}}},"6":{"name":"(anonymous_7)","decl":{"start":{"line":142,"column":24},"end":{"line":142,"column":25}},"loc":{"start":{"line":142,"column":31},"end":{"line":142,"column":null}}},"7":{"name":"(anonymous_8)","decl":{"start":{"line":157,"column":24},"end":{"line":157,"column":25}},"loc":{"start":{"line":157,"column":31},"end":{"line":157,"column":null}}}},"branchMap":{"0":{"loc":{"start":{"line":34,"column":4},"end":{"line":34,"column":null}},"type":"if","locations":[{"start":{"line":34,"column":4},"end":{"line":34,"column":null}}]},"1":{"loc":{"start":{"line":44,"column":6},"end":{"line":44,"column":null}},"type":"if","locations":[{"start":{"line":44,"column":6},"end":{"line":44,"column":null}}]},"2":{"loc":{"start":{"line":44,"column":10},"end":{"line":44,"column":46}},"type":"binary-expr","locations":[{"start":{"line":44,"column":10},"end":{"line":44,"column":19}},{"start":{"line":44,"column":19},"end":{"line":44,"column":46}}]},"3":{"loc":{"start":{"line":46,"column":6},"end":{"line":48,"column":null}},"type":"if","locations":[{"start":{"line":46,"column":6},"end":{"line":48,"column":null}}]},"4":{"loc":{"start":{"line":57,"column":4},"end":{"line":57,"column":null}},"type":"if","locations":[{"start":{"line":57,"column":4},"end":{"line":57,"column":null}}]},"5":{"loc":{"start":{"line":71,"column":6},"end":{"line":71,"column":null}},"type":"if","locations":[{"start":{"line":71,"column":6},"end":{"line":71,"column":null}}]},"6":{"loc":{"start":{"line":82,"column":2},"end":{"line":88,"column":null}},"type":"if","locations":[{"start":{"line":82,"column":2},"end":{"line":88,"column":null}}]},"7":{"loc":{"start":{"line":172,"column":13},"end":{"line":172,"column":null}},"type":"cond-expr","locations":[{"start":{"line":172,"column":22},"end":{"line":172,"column":36}},{"start":{"line":172,"column":36},"end":{"line":172,"column":null}}]}},"s":{"0":0,"1":0,"2":0,"3":0,"4":0,"5":0,"6":0,"7":0,"8":0,"9":0,"10":0,"11":0,"12":0,"13":0,"14":0,"15":0,"16":0,"17":0,"18":0,"19":0,"20":0,"21":0,"22":0,"23":0,"24":0,"25":0,"26":0,"27":0,"28":0,"29":0,"30":0,"31":0,"32":0,"33":0,"34":0,"35":0,"36":0,"37":0,"38":0,"39":0},"f":{"0":0,"1":0,"2":0,"3":0,"4":0,"5":0,"6":0,"7":0},"b":{"0":[0],"1":[0],"2":[0,0],"3":[0],"4":[0],"5":[0],"6":[0],"7":[0,0]}}
,"C:\\Users\\Ok\\Documents\\Engagebot\\src\\contexts\\AuthContext.tsx": {"path":"C:\\Users\\Ok\\Documents\\Engagebot\\src\\contexts\\AuthContext.tsx","statementMap":{"0":{"start":{"line":26,"column":16},"end":{"line":26,"column":28}},"1":{"start":{"line":71,"column":16},"end":{"line":71,"column":23}},"2":{"start":{"line":3,"column":63},"end":{"line":3,"column":null}},"3":{"start":{"line":4,"column":29},"end":{"line":4,"column":null}},"4":{"start":{"line":6,"column":17},"end":{"line":8,"column":null}},"5":{"start":{"line":24,"column":20},"end":{"line":24,"column":null}},"6":{"start":{"line":27,"column":26},"end":{"line":27,"column":null}},"7":{"start":{"line":28,"column":32},"end":{"line":28,"column":null}},"8":{"start":{"line":30,"column":2},"end":{"line":47,"column":null}},"9":{"start":{"line":31,"column":23},"end":{"line":35,"column":null}},"10":{"start":{"line":32,"column":36},"end":{"line":32,"column":null}},"11":{"start":{"line":33,"column":6},"end":{"line":33,"column":null}},"12":{"start":{"line":34,"column":6},"end":{"line":34,"column":null}},"13":{"start":{"line":37,"column":4},"end":{"line":37,"column":null}},"14":{"start":{"line":39,"column":39},"end":{"line":43,"column":null}},"15":{"start":{"line":41,"column":8},"end":{"line":41,"column":null}},"16":{"start":{"line":42,"column":8},"end":{"line":42,"column":null}},"17":{"start":{"line":46,"column":4},"end":{"line":46,"column":null}},"18":{"start":{"line":46,"column":17},"end":{"line":46,"column":null}},"19":{"start":{"line":49,"column":17},"end":{"line":52,"column":null}},"20":{"start":{"line":50,"column":22},"end":{"line":50,"column":null}},"21":{"start":{"line":51,"column":4},"end":{"line":51,"column":null}},"22":{"start":{"line":51,"column":15},"end":{"line":51,"column":null}},"23":{"start":{"line":54,"column":17},"end":{"line":57,"column":null}},"24":{"start":{"line":55,"column":22},"end":{"line":55,"column":null}},"25":{"start":{"line":56,"column":4},"end":{"line":56,"column":null}},"26":{"start":{"line":56,"column":15},"end":{"line":56,"column":null}},"27":{"start":{"line":59,"column":18},"end":{"line":62,"column":null}},"28":{"start":{"line":60,"column":22},"end":{"line":60,"column":null}},"29":{"start":{"line":61,"column":4},"end":{"line":61,"column":null}},"30":{"start":{"line":61,"column":15},"end":{"line":61,"column":null}},"31":{"start":{"line":72,"column":18},"end":{"line":72,"column":null}},"32":{"start":{"line":73,"column":2},"end":{"line":75,"column":null}},"33":{"start":{"line":74,"column":4},"end":{"line":74,"column":null}},"34":{"start":{"line":76,"column":2},"end":{"line":76,"column":null}}},"fnMap":{"0":{"name":"AuthProvider","decl":{"start":{"line":26,"column":16},"end":{"line":26,"column":28}},"loc":{"start":{"line":26,"column":72},"end":{"line":69,"column":null}}},"1":{"name":"(anonymous_4)","decl":{"start":{"line":30,"column":12},"end":{"line":30,"column":null}},"loc":{"start":{"line":30,"column":12},"end":{"line":47,"column":5}}},"2":{"name":"(anonymous_5)","decl":{"start":{"line":31,"column":23},"end":{"line":31,"column":null}},"loc":{"start":{"line":31,"column":23},"end":{"line":35,"column":null}}},"3":{"name":"(anonymous_6)","decl":{"start":{"line":40,"column":6},"end":{"line":40,"column":13}},"loc":{"start":{"line":40,"column":20},"end":{"line":43,"column":null}}},"4":{"name":"(anonymous_7)","decl":{"start":{"line":46,"column":11},"end":{"line":46,"column":17}},"loc":{"start":{"line":46,"column":17},"end":{"line":46,"column":null}}},"5":{"name":"(anonymous_8)","decl":{"start":{"line":49,"column":17},"end":{"line":49,"column":24}},"loc":{"start":{"line":49,"column":39},"end":{"line":52,"column":null}}},"6":{"name":"(anonymous_9)","decl":{"start":{"line":54,"column":17},"end":{"line":54,"column":24}},"loc":{"start":{"line":54,"column":39},"end":{"line":57,"column":null}}},"7":{"name":"(anonymous_10)","decl":{"start":{"line":59,"column":18},"end":{"line":59,"column":null}},"loc":{"start":{"line":59,"column":18},"end":{"line":62,"column":null}}},"8":{"name":"useAuth","decl":{"start":{"line":71,"column":16},"end":{"line":71,"column":23}},"loc":{"start":{"line":71,"column":16},"end":{"line":77,"column":null}}}},"branchMap":{"0":{"loc":{"start":{"line":33,"column":14},"end":{"line":33,"column":null}},"type":"cond-expr","locations":[{"start":{"line":33,"column":30},"end":{"line":33,"column":84}},{"start":{"line":33,"column":84},"end":{"line":33,"column":null}}]},"1":{"loc":{"start":{"line":41,"column":16},"end":{"line":41,"column":null}},"type":"cond-expr","locations":[{"start":{"line":41,"column":32},"end":{"line":41,"column":86}},{"start":{"line":41,"column":86},"end":{"line":41,"column":null}}]},"2":{"loc":{"start":{"line":51,"column":4},"end":{"line":51,"column":null}},"type":"if","locations":[{"start":{"line":51,"column":4},"end":{"line":51,"column":null}}]},"3":{"loc":{"start":{"line":56,"column":4},"end":{"line":56,"column":null}},"type":"if","locations":[{"start":{"line":56,"column":4},"end":{"line":56,"column":null}}]},"4":{"loc":{"start":{"line":61,"column":4},"end":{"line":61,"column":null}},"type":"if","locations":[{"start":{"line":61,"column":4},"end":{"line":61,"column":null}}]},"5":{"loc":{"start":{"line":73,"column":2},"end":{"line":75,"column":null}},"type":"if","locations":[{"start":{"line":73,"column":2},"end":{"line":75,"column":null}}]}},"s":{"0":0,"1":0,"2":0,"3":0,"4":0,"5":0,"6":0,"7":0,"8":0,"9":0,"10":0,"11":0,"12":0,"13":0,"14":0,"15":0,"16":0,"17":0,"18":0,"19":0,"20":0,"21":0,"22":0,"23":0,"24":0,"25":0,"26":0,"27":0,"28":0,"29":0,"30":0,"31":0,"32":0,"33":0,"34":0},"f":{"0":0,"1":0,"2":0,"3":0,"4":0,"5":0,"6":0,"7":0,"8":0},"b":{"0":[0,0],"1":[0,0],"2":[0],"3":[0],"4":[0],"5":[0]}}
,"C:\\Users\\Ok\\Documents\\Engagebot\\src\\lib\\database.ts": {"path":"C:\\Users\\Ok\\Documents\\Engagebot\\src\\lib\\database.ts","statementMap":{"0":{"start":{"line":8,"column":13},"end":{"line":8,"column":39}},"1":{"start":{"line":6,"column":13},"end":{"line":6,"column":21}},"2":{"start":{"line":1,"column":29},"end":{"line":1,"column":null}},"3":{"start":{"line":3,"column":20},"end":{"line":3,"column":56}},"4":{"start":{"line":4,"column":24},"end":{"line":4,"column":65}},"5":{"start":{"line":6,"column":24},"end":{"line":6,"column":null}},"6":{"start":{"line":8,"column":42},"end":{"line":13,"column":null}},"7":{"start":{"line":9,"column":2},"end":{"line":11,"column":null}}},"fnMap":{"0":{"name":"(anonymous_3)","decl":{"start":{"line":8,"column":42},"end":{"line":8,"column":null}},"loc":{"start":{"line":8,"column":42},"end":{"line":13,"column":null}}}},"branchMap":{},"s":{"0":0,"1":0,"2":0,"3":0,"4":0,"5":0,"6":0,"7":0},"f":{"0":0},"b":{}}
,"C:\\Users\\Ok\\Documents\\Engagebot\\src\\lib\\supabase.ts": {"path":"C:\\Users\\Ok\\Documents\\Engagebot\\src\\lib\\supabase.ts","statementMap":{"0":{"start":{"line":8,"column":13},"end":{"line":8,"column":39}},"1":{"start":{"line":6,"column":13},"end":{"line":6,"column":21}},"2":{"start":{"line":1,"column":29},"end":{"line":1,"column":null}},"3":{"start":{"line":3,"column":20},"end":{"line":3,"column":56}},"4":{"start":{"line":4,"column":24},"end":{"line":4,"column":65}},"5":{"start":{"line":6,"column":24},"end":{"line":6,"column":null}},"6":{"start":{"line":8,"column":42},"end":{"line":13,"column":null}},"7":{"start":{"line":9,"column":2},"end":{"line":11,"column":null}}},"fnMap":{"0":{"name":"(anonymous_3)","decl":{"start":{"line":8,"column":42},"end":{"line":8,"column":null}},"loc":{"start":{"line":8,"column":42},"end":{"line":13,"column":null}}}},"branchMap":{},"s":{"0":0,"1":0,"2":0,"3":0,"4":0,"5":0,"6":0,"7":0},"f":{"0":0},"b":{}}
}
