TN:
SF:src\app\layout.tsx
FN:12,RootLayout
FNF:1
FNH:0
FNDA:0,RootLayout
DA:2,0
DA:3,0
DA:5,0
DA:7,0
DA:12,0
LF:5
LH:0
BRF:0
BRH:0
end_of_record
TN:
SF:src\app\page.tsx
FN:6,Home
FN:9,(anonymous_3)
FNF:2
FNH:0
FNDA:0,Home
FNDA:0,(anonymous_3)
DA:3,0
DA:4,0
DA:6,0
DA:7,0
DA:9,0
DA:10,0
DA:13,0
DA:14,0
LF:8
LH:0
BRDA:13,0,0,0
BRF:1
BRH:0
end_of_record
TN:
SF:src\app\api\ai\generate-response\route.ts
FN:4,POST
FN:47,generateAIResponse
FNF:2
FNH:0
FNDA:0,POST
FNDA:0,generateAIResponse
DA:1,0
DA:2,0
DA:4,0
DA:5,0
DA:6,0
DA:7,0
DA:9,0
DA:10,0
DA:13,0
DA:15,0
DA:16,0
DA:20,0
DA:25,0
DA:26,0
DA:29,0
DA:30,0
DA:38,0
DA:40,0
DA:42,0
DA:43,0
DA:48,0
DA:49,0
DA:50,0
DA:51,0
DA:53,0
DA:68,0
DA:77,0
DA:80,0
DA:81,0
DA:85,0
DA:86,0
DA:89,0
LF:32
LH:0
BRDA:9,0,0,0
BRDA:15,1,0,0
BRDA:25,2,0,0
BRDA:30,3,0,0
BRDA:30,3,1,0
BRDA:48,4,0,0
BRDA:48,4,1,0
BRDA:49,5,0,0
BRDA:49,5,1,0
BRDA:50,6,0,0
BRDA:50,6,1,0
BRDA:51,7,0,0
BRDA:51,7,1,0
BRDA:80,8,0,0
BRDA:85,9,0,0
BRF:15
BRH:0
end_of_record
TN:
SF:src\app\api\auth\instagram\route.ts
FN:3,POST
FN:28,GET
FNF:2
FNH:0
FNDA:0,POST
FNDA:0,GET
DA:1,0
DA:3,0
DA:4,0
DA:5,0
DA:6,0
DA:8,0
DA:9,0
DA:15,0
DA:16,0
DA:18,0
DA:20,0
DA:21,0
DA:28,0
DA:29,0
DA:30,0
DA:31,0
DA:32,0
DA:34,0
DA:35,0
DA:38,0
DA:52,0
DA:53,0
DA:56,0
DA:57,0
DA:58,0
DA:61,0
DA:65,0
DA:66,0
DA:69,0
DA:73,0
DA:75,0
DA:76,0
LF:32
LH:0
BRDA:8,0,0,0
BRDA:8,1,0,0
BRDA:8,1,1,0
BRDA:34,2,0,0
BRDA:52,3,0,0
BRDA:65,4,0,0
BRF:6
BRH:0
end_of_record
TN:
SF:src\app\api\auth\tiktok\route.ts
FN:3,POST
FN:28,GET
FNF:2
FNH:0
FNDA:0,POST
FNDA:0,GET
DA:1,0
DA:3,0
DA:4,0
DA:5,0
DA:6,0
DA:8,0
DA:9,0
DA:15,0
DA:16,0
DA:18,0
DA:20,0
DA:21,0
DA:28,0
DA:29,0
DA:30,0
DA:31,0
DA:32,0
DA:34,0
DA:35,0
DA:38,0
DA:52,0
DA:53,0
DA:56,0
DA:57,0
DA:58,0
DA:61,0
DA:65,0
DA:66,0
DA:69,0
DA:73,0
DA:75,0
DA:76,0
LF:32
LH:0
BRDA:8,0,0,0
BRDA:8,1,0,0
BRDA:8,1,1,0
BRDA:34,2,0,0
BRDA:52,3,0,0
BRDA:65,4,0,0
BRF:6
BRH:0
end_of_record
TN:
SF:src\app\api\comments\respond\route.ts
FN:4,POST
FNF:1
FNH:0
FNDA:0,POST
DA:1,0
DA:2,0
DA:4,0
DA:5,0
DA:6,0
DA:7,0
DA:9,0
DA:10,0
DA:13,0
DA:15,0
DA:16,0
DA:20,0
DA:29,0
DA:30,0
DA:33,0
DA:35,0
DA:36,0
LF:17
LH:0
BRDA:9,0,0,0
BRDA:15,1,0,0
BRDA:15,2,0,0
BRDA:15,2,1,0
BRDA:29,3,0,0
BRF:5
BRH:0
end_of_record
TN:
SF:src\app\api\comments\spam\route.ts
FN:4,POST
FNF:1
FNH:0
FNDA:0,POST
DA:1,0
DA:2,0
DA:4,0
DA:5,0
DA:6,0
DA:7,0
DA:9,0
DA:10,0
DA:13,0
DA:15,0
DA:16,0
DA:20,0
DA:26,0
DA:27,0
DA:30,0
DA:32,0
DA:33,0
LF:17
LH:0
BRDA:9,0,0,0
BRDA:15,1,0,0
BRDA:26,2,0,0
BRF:3
BRH:0
end_of_record
TN:
SF:src\app\api\health\route.ts
FN:4,GET
FN:24,(anonymous_2)
FNF:2
FNH:0
FNDA:0,GET
FNDA:0,(anonymous_2)
DA:1,0
DA:2,0
DA:4,0
DA:5,0
DA:7,0
DA:8,0
DA:10,0
DA:11,0
DA:15,0
DA:24,0
DA:26,0
DA:37,0
LF:12
LH:0
BRDA:10,0,0,0
BRDA:34,1,0,0
BRDA:34,1,1,0
BRDA:40,2,0,0
BRDA:40,2,1,0
BRF:5
BRH:0
end_of_record
TN:
SF:src\app\api\stripe\checkout\route.ts
FN:9,POST
FNF:1
FNH:0
FNDA:0,POST
DA:1,0
DA:2,0
DA:3,0
DA:5,0
DA:9,0
DA:10,0
DA:11,0
DA:12,0
DA:14,0
DA:15,0
DA:18,0
DA:20,0
DA:21,0
DA:25,0
DA:26,0
DA:32,0
DA:33,0
DA:35,0
DA:41,0
DA:45,0
DA:50,0
DA:52,0
DA:53,0
DA:57,0
DA:69,0
DA:71,0
DA:72,0
LF:27
LH:0
BRDA:14,0,0,0
BRDA:20,1,0,0
BRDA:32,2,0,0
BRDA:32,2,1,0
BRDA:46,3,0,0
BRDA:46,3,1,0
BRDA:47,4,0,0
BRDA:47,4,1,0
BRDA:52,5,0,0
BRF:9
BRH:0
end_of_record
TN:
SF:src\app\api\stripe\webhook\route.ts
FN:9,POST
FNF:1
FNH:0
FNDA:0,POST
DA:1,0
DA:2,0
DA:3,0
DA:5,0
DA:9,0
DA:10,0
DA:11,0
DA:12,0
DA:14,0
DA:15,0
DA:18,0
DA:24,0
DA:26,0
DA:28,0
DA:29,0
DA:30,0
DA:32,0
DA:33,0
DA:37,0
DA:42,0
DA:45,0
DA:58,0
DA:62,0
DA:63,0
DA:66,0
DA:72,0
DA:73,0
DA:84,0
DA:88,0
DA:89,0
DA:92,0
DA:98,0
DA:99,0
DA:108,0
DA:112,0
DA:115,0
DA:117,0
DA:118,0
LF:38
LH:0
BRDA:14,0,0,0
BRDA:26,1,0,0
BRDA:26,1,1,0
BRDA:26,1,2,0
BRDA:26,1,3,0
BRDA:32,2,0,0
BRDA:32,3,0,0
BRDA:32,3,1,0
BRDA:42,4,0,0
BRDA:42,4,1,0
BRDA:72,5,0,0
BRDA:98,6,0,0
BRF:12
BRH:0
end_of_record
TN:
SF:src\app\auth\signin\page.tsx
FN:6,SignInPage
FNF:1
FNH:0
FNDA:0,SignInPage
DA:3,0
DA:4,0
DA:6,0
LF:3
LH:0
BRF:0
BRH:0
end_of_record
TN:
SF:src\app\dashboard\page.tsx
FN:10,Dashboard
FN:15,(anonymous_2)
FN:38,(anonymous_3)
FNF:3
FNH:0
FNDA:0,Dashboard
FNDA:0,(anonymous_2)
FNDA:0,(anonymous_3)
DA:3,0
DA:4,0
DA:5,0
DA:6,0
DA:7,0
DA:8,0
DA:10,0
DA:11,0
DA:12,0
DA:13,0
DA:15,0
DA:16,0
DA:17,0
DA:21,0
DA:29,0
DA:30,0
DA:40,0
LF:17
LH:0
BRDA:16,0,0,0
BRDA:16,1,0,0
BRDA:16,1,1,0
BRDA:21,2,0,0
BRDA:29,3,0,0
BRF:5
BRH:0
end_of_record
TN:
SF:src\components\auth\SignIn.tsx
FN:7,SignIn
FN:15,(anonymous_3)
FN:29,(anonymous_4)
FN:65,(anonymous_5)
FN:80,(anonymous_6)
FN:98,(anonymous_7)
FNF:6
FNH:0
FNDA:0,SignIn
FNDA:0,(anonymous_3)
FNDA:0,(anonymous_4)
FNDA:0,(anonymous_5)
FNDA:0,(anonymous_6)
FNDA:0,(anonymous_7)
DA:3,0
DA:4,0
DA:5,0
DA:7,0
DA:8,0
DA:9,0
DA:10,0
DA:11,0
DA:12,0
DA:13,0
DA:15,0
DA:16,0
DA:17,0
DA:18,0
DA:20,0
DA:21,0
DA:23,0
DA:25,0
DA:29,0
DA:30,0
DA:31,0
DA:32,0
DA:34,0
DA:35,0
DA:37,0
DA:39,0
DA:65,0
DA:80,0
DA:98,0
LF:29
LH:0
BRDA:23,0,0,0
BRDA:23,0,1,0
BRDA:37,1,0,0
BRDA:37,1,1,0
BRDA:47,2,0,0
BRDA:47,2,1,0
BRDA:50,3,0,0
BRDA:56,4,0,0
BRDA:56,4,1,0
BRDA:92,5,0,0
BRDA:92,5,1,0
BRDA:92,6,0,0
BRDA:92,6,1,0
BRDA:101,7,0,0
BRDA:101,7,1,0
BRF:15
BRH:0
end_of_record
TN:
SF:src\components\dashboard\CommentCard.tsx
FN:23,CommentCard
FN:29,(anonymous_2)
FN:55,(anonymous_3)
FN:82,(anonymous_4)
FN:102,(anonymous_5)
FN:110,(anonymous_6)
FN:162,(anonymous_7)
FN:176,(anonymous_8)
FNF:8
FNH:0
FNDA:0,CommentCard
FNDA:0,(anonymous_2)
FNDA:0,(anonymous_3)
FNDA:0,(anonymous_4)
FNDA:0,(anonymous_5)
FNDA:0,(anonymous_6)
FNDA:0,(anonymous_7)
FNDA:0,(anonymous_8)
DA:3,0
DA:4,0
DA:5,0
DA:23,0
DA:24,0
DA:25,0
DA:26,0
DA:27,0
DA:29,0
DA:30,0
DA:32,0
DA:33,0
DA:34,0
DA:44,0
DA:46,0
DA:47,0
DA:49,0
DA:51,0
DA:55,0
DA:56,0
DA:58,0
DA:59,0
DA:60,0
DA:71,0
DA:73,0
DA:74,0
DA:76,0
DA:78,0
DA:82,0
DA:83,0
DA:85,0
DA:86,0
DA:96,0
DA:98,0
DA:102,0
DA:110,0
DA:111,0
DA:112,0
DA:113,0
DA:162,0
DA:176,0
LF:41
LH:0
BRDA:30,0,0,0
BRDA:44,1,0,0
BRDA:56,2,0,0
BRDA:56,3,0,0
BRDA:56,3,1,0
BRDA:71,4,0,0
BRDA:83,5,0,0
BRDA:96,6,0,0
BRDA:104,7,0,0
BRDA:111,8,0,0
BRDA:112,9,0,0
BRDA:140,10,0,0
BRDA:143,11,0,0
BRDA:143,11,1,0
BRDA:147,12,0,0
BRDA:147,12,1,0
BRDA:173,13,0,0
BRDA:173,13,1,0
BRF:18
BRH:0
end_of_record
TN:
SF:src\components\dashboard\Header.tsx
FN:12,Header
FNF:1
FNH:0
FNDA:0,Header
DA:3,0
DA:12,0
LF:2
LH:0
BRF:0
BRH:0
end_of_record
TN:
SF:src\components\dashboard\MainContent.tsx
FN:13,MainContent
FN:14,(anonymous_2)
FNF:2
FNH:0
FNDA:0,MainContent
FNDA:0,(anonymous_2)
DA:3,0
DA:4,0
DA:5,0
DA:6,0
DA:7,0
DA:13,0
DA:14,0
DA:15,0
DA:17,0
DA:19,0
DA:21,0
DA:23,0
DA:25,0
DA:27,0
LF:14
LH:0
BRDA:15,0,0,0
BRDA:15,0,1,0
BRDA:15,0,2,0
BRDA:15,0,3,0
BRDA:15,0,4,0
BRDA:15,0,5,0
BRF:6
BRH:0
end_of_record
TN:
SF:src\components\dashboard\Sidebar.tsx
FN:12,Sidebar
FN:28,(anonymous_2)
FN:33,(anonymous_3)
FNF:3
FNH:0
FNDA:0,Sidebar
FNDA:0,(anonymous_2)
FNDA:0,(anonymous_3)
DA:4,0
DA:12,0
DA:13,0
DA:29,0
DA:30,0
DA:33,0
LF:6
LH:0
BRDA:35,0,0,0
BRDA:35,0,1,0
BRF:2
BRH:0
end_of_record
TN:
SF:src\components\dashboard\SubscriptionManager.tsx
FN:19,SubscriptionManager
FN:65,(anonymous_2)
FN:100,(anonymous_3)
FN:118,(anonymous_4)
FN:127,(anonymous_5)
FNF:5
FNH:0
FNDA:0,SubscriptionManager
FNDA:0,(anonymous_2)
FNDA:0,(anonymous_3)
FNDA:0,(anonymous_4)
FNDA:0,(anonymous_5)
DA:3,0
DA:5,0
DA:6,0
DA:19,0
DA:20,0
DA:21,0
DA:22,0
DA:24,0
DA:65,0
DA:66,0
DA:68,0
DA:69,0
DA:70,0
DA:80,0
DA:82,0
DA:83,0
DA:85,0
DA:86,0
DA:88,0
DA:101,0
DA:119,0
DA:127,0
LF:22
LH:0
BRDA:19,0,0,0
BRDA:66,1,0,0
BRDA:80,2,0,0
BRDA:104,3,0,0
BRDA:104,3,1,0
BRDA:128,4,0,0
BRDA:128,4,1,0
BRDA:130,5,0,0
BRDA:130,5,1,0
BRDA:135,6,0,0
BRDA:135,6,1,0
BRDA:135,7,0,0
BRDA:135,7,1,0
BRF:13
BRH:0
end_of_record
TN:
SF:src\components\dashboard\tabs\AccountsTab.tsx
FN:16,AccountsTab
FN:22,(anonymous_2)
FN:26,(anonymous_3)
FN:45,(anonymous_4)
FN:63,(anonymous_5)
FN:81,(anonymous_6)
FN:89,(anonymous_7)
FN:95,(anonymous_8)
FN:122,(anonymous_9)
FN:126,(anonymous_10)
FN:129,(anonymous_11)
FN:133,(anonymous_12)
FN:133,(anonymous_13)
FN:159,(anonymous_14)
FN:163,(anonymous_15)
FN:166,(anonymous_16)
FN:170,(anonymous_17)
FN:170,(anonymous_18)
FNF:18
FNH:0
FNDA:0,AccountsTab
FNDA:0,(anonymous_2)
FNDA:0,(anonymous_3)
FNDA:0,(anonymous_4)
FNDA:0,(anonymous_5)
FNDA:0,(anonymous_6)
FNDA:0,(anonymous_7)
FNDA:0,(anonymous_8)
FNDA:0,(anonymous_9)
FNDA:0,(anonymous_10)
FNDA:0,(anonymous_11)
FNDA:0,(anonymous_12)
FNDA:0,(anonymous_13)
FNDA:0,(anonymous_14)
FNDA:0,(anonymous_15)
FNDA:0,(anonymous_16)
FNDA:0,(anonymous_17)
FNDA:0,(anonymous_18)
DA:3,0
DA:4,0
DA:5,0
DA:6,0
DA:16,0
DA:17,0
DA:18,0
DA:19,0
DA:20,0
DA:22,0
DA:23,0
DA:26,0
DA:27,0
DA:29,0
DA:30,0
DA:31,0
DA:36,0
DA:37,0
DA:39,0
DA:41,0
DA:45,0
DA:46,0
DA:47,0
DA:48,0
DA:52,0
DA:54,0
DA:55,0
DA:57,0
DA:59,0
DA:63,0
DA:64,0
DA:65,0
DA:66,0
DA:70,0
DA:72,0
DA:73,0
DA:75,0
DA:77,0
DA:81,0
DA:82,0
DA:83,0
DA:87,0
DA:89,0
DA:91,0
DA:95,0
DA:103,0
DA:122,0
DA:126,0
DA:129,0
DA:133,0
DA:159,0
DA:163,0
DA:166,0
DA:170,0
LF:54
LH:0
BRDA:27,0,0,0
BRDA:36,1,0,0
BRDA:37,2,0,0
BRDA:37,2,1,0
BRDA:52,3,0,0
BRDA:70,4,0,0
BRDA:87,5,0,0
BRDA:97,6,0,0
BRDA:103,7,0,0
BRDA:123,8,0,0
BRDA:129,9,0,0
BRDA:129,9,1,0
BRDA:133,10,0,0
BRDA:133,10,1,0
BRDA:146,11,0,0
BRDA:146,11,1,0
BRDA:160,12,0,0
BRDA:166,13,0,0
BRDA:166,13,1,0
BRDA:170,14,0,0
BRDA:170,14,1,0
BRDA:183,15,0,0
BRDA:183,15,1,0
BRDA:189,16,0,0
BRF:24
BRH:0
end_of_record
TN:
SF:src\components\dashboard\tabs\AnalyticsTab.tsx
FN:8,AnalyticsTab
FN:18,(anonymous_2)
FN:22,(anonymous_3)
FNF:3
FNH:0
FNDA:0,AnalyticsTab
FNDA:0,(anonymous_2)
FNDA:0,(anonymous_3)
DA:3,0
DA:4,0
DA:5,0
DA:6,0
DA:8,0
DA:9,0
DA:10,0
DA:16,0
DA:18,0
DA:19,0
DA:22,0
DA:23,0
DA:25,0
DA:26,0
DA:27,0
DA:33,0
DA:40,0
DA:42,0
DA:46,0
LF:19
LH:0
BRDA:23,0,0,0
BRDA:34,1,0,0
BRDA:34,1,1,0
BRDA:35,2,0,0
BRDA:35,2,1,0
BRDA:36,3,0,0
BRDA:36,3,1,0
BRDA:37,4,0,0
BRDA:37,4,1,0
BRDA:46,5,0,0
BRDA:103,6,0,0
BRDA:103,6,1,0
BRDA:112,7,0,0
BRDA:112,7,1,0
BRDA:124,8,0,0
BRDA:124,8,1,0
BRDA:133,9,0,0
BRDA:133,9,1,0
BRF:18
BRH:0
end_of_record
TN:
SF:src\components\dashboard\tabs\AutomationTab.tsx
FN:18,AutomationTab
FN:29,(anonymous_2)
FN:33,(anonymous_3)
FN:56,(anonymous_4)
FN:108,(anonymous_5)
FN:122,(anonymous_6)
FN:151,(anonymous_7)
FN:165,(anonymous_8)
FNF:8
FNH:0
FNDA:0,AutomationTab
FNDA:0,(anonymous_2)
FNDA:0,(anonymous_3)
FNDA:0,(anonymous_4)
FNDA:0,(anonymous_5)
FNDA:0,(anonymous_6)
FNDA:0,(anonymous_7)
FNDA:0,(anonymous_8)
DA:3,0
DA:4,0
DA:5,0
DA:6,0
DA:18,0
DA:19,0
DA:25,0
DA:26,0
DA:27,0
DA:29,0
DA:30,0
DA:33,0
DA:34,0
DA:36,0
DA:37,0
DA:38,0
DA:44,0
DA:46,0
DA:47,0
DA:50,0
DA:52,0
DA:56,0
DA:57,0
DA:59,0
DA:60,0
DA:61,0
DA:71,0
DA:73,0
DA:75,0
DA:76,0
DA:78,0
DA:82,0
DA:108,0
DA:122,0
DA:151,0
DA:165,0
LF:36
LH:0
BRDA:34,0,0,0
BRDA:44,1,0,0
BRDA:44,2,0,0
BRDA:44,2,1,0
BRDA:46,3,0,0
BRDA:57,4,0,0
BRDA:71,5,0,0
BRDA:82,6,0,0
BRDA:115,7,0,0
BRDA:158,8,0,0
BRDA:190,9,0,0
BRDA:190,9,1,0
BRF:12
BRH:0
end_of_record
TN:
SF:src\components\dashboard\tabs\CommentsTab.tsx
FN:19,CommentsTab
FN:25,(anonymous_3)
FN:29,(anonymous_4)
FN:55,(anonymous_5)
FN:56,(anonymous_6)
FN:75,(anonymous_7)
FN:85,(anonymous_8)
FN:95,(anonymous_9)
FN:112,(anonymous_10)
FNF:9
FNH:0
FNDA:0,CommentsTab
FNDA:0,(anonymous_3)
FNDA:0,(anonymous_4)
FNDA:0,(anonymous_5)
FNDA:0,(anonymous_6)
FNDA:0,(anonymous_7)
FNDA:0,(anonymous_8)
FNDA:0,(anonymous_9)
FNDA:0,(anonymous_10)
DA:3,0
DA:4,0
DA:5,0
DA:6,0
DA:19,0
DA:20,0
DA:21,0
DA:22,0
DA:23,0
DA:25,0
DA:26,0
DA:29,0
DA:30,0
DA:32,0
DA:33,0
DA:34,0
DA:40,0
DA:41,0
DA:44,0
DA:46,0
DA:47,0
DA:49,0
DA:51,0
DA:55,0
DA:56,0
DA:57,0
DA:63,0
DA:75,0
DA:85,0
DA:95,0
DA:113,0
LF:31
LH:0
BRDA:30,0,0,0
BRDA:40,1,0,0
BRDA:46,2,0,0
BRDA:47,3,0,0
BRDA:47,3,1,0
BRDA:57,4,0,0
BRDA:57,4,1,0
BRDA:63,5,0,0
BRDA:77,6,0,0
BRDA:77,6,1,0
BRDA:87,7,0,0
BRDA:87,7,1,0
BRDA:97,8,0,0
BRDA:97,8,1,0
BRDA:107,9,0,0
BRF:15
BRH:0
end_of_record
TN:
SF:src\components\dashboard\tabs\ToneTab.tsx
FN:18,ToneTab
FN:29,(anonymous_2)
FN:33,(anonymous_3)
FN:56,(anonymous_4)
FN:105,(anonymous_5)
FN:124,(anonymous_6)
FN:142,(anonymous_7)
FN:157,(anonymous_8)
FNF:8
FNH:0
FNDA:0,ToneTab
FNDA:0,(anonymous_2)
FNDA:0,(anonymous_3)
FNDA:0,(anonymous_4)
FNDA:0,(anonymous_5)
FNDA:0,(anonymous_6)
FNDA:0,(anonymous_7)
FNDA:0,(anonymous_8)
DA:3,0
DA:4,0
DA:5,0
DA:6,0
DA:18,0
DA:19,0
DA:25,0
DA:26,0
DA:27,0
DA:29,0
DA:30,0
DA:33,0
DA:34,0
DA:36,0
DA:37,0
DA:38,0
DA:44,0
DA:46,0
DA:47,0
DA:50,0
DA:52,0
DA:56,0
DA:57,0
DA:59,0
DA:60,0
DA:61,0
DA:71,0
DA:73,0
DA:75,0
DA:76,0
DA:78,0
DA:82,0
DA:105,0
DA:124,0
DA:142,0
DA:157,0
LF:36
LH:0
BRDA:34,0,0,0
BRDA:44,1,0,0
BRDA:44,2,0,0
BRDA:44,2,1,0
BRDA:46,3,0,0
BRDA:57,4,0,0
BRDA:71,5,0,0
BRDA:82,6,0,0
BRDA:172,7,0,0
BRDA:172,7,1,0
BRF:10
BRH:0
end_of_record
TN:
SF:src\contexts\AuthContext.tsx
FN:26,AuthProvider
FN:30,(anonymous_4)
FN:31,(anonymous_5)
FN:40,(anonymous_6)
FN:46,(anonymous_7)
FN:49,(anonymous_8)
FN:54,(anonymous_9)
FN:59,(anonymous_10)
FN:71,useAuth
FNF:9
FNH:0
FNDA:0,AuthProvider
FNDA:0,(anonymous_4)
FNDA:0,(anonymous_5)
FNDA:0,(anonymous_6)
FNDA:0,(anonymous_7)
FNDA:0,(anonymous_8)
FNDA:0,(anonymous_9)
FNDA:0,(anonymous_10)
FNDA:0,useAuth
DA:3,0
DA:4,0
DA:6,0
DA:24,0
DA:26,0
DA:27,0
DA:28,0
DA:30,0
DA:31,0
DA:32,0
DA:33,0
DA:34,0
DA:37,0
DA:39,0
DA:41,0
DA:42,0
DA:46,0
DA:49,0
DA:50,0
DA:51,0
DA:54,0
DA:55,0
DA:56,0
DA:59,0
DA:60,0
DA:61,0
DA:71,0
DA:72,0
DA:73,0
DA:74,0
DA:76,0
LF:31
LH:0
BRDA:33,0,0,0
BRDA:33,0,1,0
BRDA:41,1,0,0
BRDA:41,1,1,0
BRDA:51,2,0,0
BRDA:56,3,0,0
BRDA:61,4,0,0
BRDA:73,5,0,0
BRF:8
BRH:0
end_of_record
TN:
SF:src\lib\database.ts
FN:8,(anonymous_3)
FNF:1
FNH:0
FNDA:0,(anonymous_3)
DA:1,0
DA:3,0
DA:4,0
DA:6,0
DA:8,0
DA:9,0
LF:6
LH:0
BRF:0
BRH:0
end_of_record
TN:
SF:src\lib\supabase.ts
FN:8,(anonymous_3)
FNF:1
FNH:0
FNDA:0,(anonymous_3)
DA:1,0
DA:3,0
DA:4,0
DA:6,0
DA:8,0
DA:9,0
LF:6
LH:0
BRF:0
BRH:0
end_of_record
